[0.384s] DEBUG:colcon:Command line arguments: ['/usr/bin/colcon', 'build', '--symlink-install', '--packages-select', 'uav_traj_ros2', 'drone_interfaces', 'drone_ros']
[0.384s] DEBUG:colcon:Parsed command line arguments: Namespace(allow_overriding=[], ament_cmake_args=None, base_paths=['.'], build_base='build', catkin_cmake_args=None, catkin_skip_building_tests=False, cmake_args=None, cmake_clean_cache=False, cmake_clean_first=False, cmake_force_configure=False, cmake_target=None, cmake_target_skip_unavailable=False, continue_on_error=False, event_handlers=None, executor='parallel', ignore_user_meta=False, install_base='install', log_base=None, log_level=None, main=<bound method BuildVerb.main of <colcon_core.verb.build.BuildVerb object at 0x7efcc3086310>>, merge_install=False, metas=['./colcon.meta'], packages_above=None, packages_above_and_dependencies=None, packages_above_depth=None, packages_end=None, packages_ignore=None, packages_ignore_regex=None, packages_select=['uav_traj_ros2', 'drone_interfaces', 'drone_ros'], packages_select_build_failed=False, packages_select_by_dep=None, packages_select_regex=None, packages_select_test_failures=False, packages_skip=None, packages_skip_build_finished=False, packages_skip_by_dep=None, packages_skip_regex=None, packages_skip_test_passed=False, packages_skip_up_to=None, packages_start=None, packages_up_to=None, packages_up_to_regex=None, parallel_workers=16, paths=None, symlink_install=True, test_result_base=None, verb_extension=<colcon_core.verb.build.BuildVerb object at 0x7efcc3086310>, verb_name='build', verb_parser=<colcon_defaults.argument_parser.defaults.DefaultArgumentsDecorator object at 0x7efcc27a5790>)
[0.431s] Level 1:colcon.colcon_core.package_discovery:discover_packages(colcon_meta) check parameters
[0.431s] Level 1:colcon.colcon_core.package_discovery:discover_packages(recursive) check parameters
[0.431s] Level 1:colcon.colcon_core.package_discovery:discover_packages(ignore) check parameters
[0.431s] Level 1:colcon.colcon_core.package_discovery:discover_packages(path) check parameters
[0.431s] Level 1:colcon.colcon_core.package_discovery:discover_packages(colcon_meta) discover
[0.431s] Level 1:colcon.colcon_core.package_discovery:discover_packages(recursive) discover
[0.431s] INFO:colcon.colcon_core.package_discovery:Crawling recursively for packages in '/home/justin/ros2_ws/src/uav_traj_ros2'
[0.431s] Level 1:colcon.colcon_core.package_identification:_identify(.) by extensions ['ignore', 'ignore_ament_install']
[0.431s] Level 1:colcon.colcon_core.package_identification:_identify(.) by extension 'ignore'
[0.431s] Level 1:colcon.colcon_core.package_identification:_identify(.) by extension 'ignore_ament_install'
[0.431s] Level 1:colcon.colcon_core.package_identification:_identify(.) by extensions ['colcon_pkg']
[0.431s] Level 1:colcon.colcon_core.package_identification:_identify(.) by extension 'colcon_pkg'
[0.431s] Level 1:colcon.colcon_core.package_identification:_identify(.) by extensions ['colcon_meta']
[0.431s] Level 1:colcon.colcon_core.package_identification:_identify(.) by extension 'colcon_meta'
[0.432s] Level 1:colcon.colcon_core.package_identification:_identify(.) by extensions ['ros']
[0.432s] Level 1:colcon.colcon_core.package_identification:_identify(.) by extension 'ros'
[0.445s] Level 1:colcon.colcon_core.package_identification:_identify(.) by extensions ['cmake', 'python']
[0.446s] Level 1:colcon.colcon_core.package_identification:_identify(.) by extension 'cmake'
[0.446s] Level 1:colcon.colcon_core.package_identification:_identify(.) by extension 'python'
[0.446s] Level 1:colcon.colcon_core.package_identification:_identify(.) by extensions ['python_setup_py']
[0.446s] Level 1:colcon.colcon_core.package_identification:_identify(.) by extension 'python_setup_py'
[0.446s] Level 1:colcon.colcon_core.package_identification:_identify(build) by extensions ['ignore', 'ignore_ament_install']
[0.446s] Level 1:colcon.colcon_core.package_identification:_identify(build) by extension 'ignore'
[0.446s] Level 1:colcon.colcon_core.package_identification:_identify(build) ignored
[0.446s] Level 1:colcon.colcon_core.package_identification:_identify(install) by extensions ['ignore', 'ignore_ament_install']
[0.446s] Level 1:colcon.colcon_core.package_identification:_identify(install) by extension 'ignore'
[0.446s] Level 1:colcon.colcon_core.package_identification:_identify(install) ignored
[0.446s] Level 1:colcon.colcon_core.package_identification:_identify(log) by extensions ['ignore', 'ignore_ament_install']
[0.446s] Level 1:colcon.colcon_core.package_identification:_identify(log) by extension 'ignore'
[0.446s] Level 1:colcon.colcon_core.package_identification:_identify(log) ignored
[0.446s] Level 1:colcon.colcon_core.package_identification:_identify(uav_traj_ros2) by extensions ['ignore', 'ignore_ament_install']
[0.447s] Level 1:colcon.colcon_core.package_identification:_identify(uav_traj_ros2) by extension 'ignore'
[0.447s] Level 1:colcon.colcon_core.package_identification:_identify(uav_traj_ros2) by extension 'ignore_ament_install'
[0.447s] Level 1:colcon.colcon_core.package_identification:_identify(uav_traj_ros2) by extensions ['colcon_pkg']
[0.447s] Level 1:colcon.colcon_core.package_identification:_identify(uav_traj_ros2) by extension 'colcon_pkg'
[0.447s] Level 1:colcon.colcon_core.package_identification:_identify(uav_traj_ros2) by extensions ['colcon_meta']
[0.447s] Level 1:colcon.colcon_core.package_identification:_identify(uav_traj_ros2) by extension 'colcon_meta'
[0.447s] Level 1:colcon.colcon_core.package_identification:_identify(uav_traj_ros2) by extensions ['ros']
[0.447s] Level 1:colcon.colcon_core.package_identification:_identify(uav_traj_ros2) by extension 'ros'
[0.449s] DEBUG:colcon.colcon_core.package_identification:Package 'uav_traj_ros2' with type 'ros.ament_cmake' and name 'uav_traj_ros2'
[0.449s] Level 1:colcon.colcon_core.package_discovery:discover_packages(recursive) using defaults
[0.449s] Level 1:colcon.colcon_core.package_discovery:discover_packages(ignore) discover
[0.449s] Level 1:colcon.colcon_core.package_discovery:discover_packages(ignore) using defaults
[0.449s] Level 1:colcon.colcon_core.package_discovery:discover_packages(path) discover
[0.450s] Level 1:colcon.colcon_core.package_discovery:discover_packages(path) using defaults
[0.453s] WARNING:colcon.colcon_core.package_selection:ignoring unknown package 'drone_interfaces' in --packages-select
[0.453s] WARNING:colcon.colcon_core.package_selection:ignoring unknown package 'drone_ros' in --packages-select
[0.473s] Level 1:colcon.colcon_core.package_discovery:discover_packages(prefix_path) check parameters
[0.473s] Level 1:colcon.colcon_core.package_discovery:discover_packages(prefix_path) discover
[0.478s] DEBUG:colcon.colcon_installed_package_information.package_discovery:Found 3 installed packages in /home/justin/ros2_ws/install
[0.480s] DEBUG:colcon.colcon_installed_package_information.package_discovery:Found 1 installed packages in /home/justin/install
[0.481s] DEBUG:colcon.colcon_installed_package_information.package_discovery:Found 2 installed packages in /home/justin/AirSim/ros2/install
[0.483s] DEBUG:colcon.colcon_installed_package_information.package_discovery:Found 311 installed packages in /opt/ros/foxy
[0.484s] Level 1:colcon.colcon_core.package_discovery:discover_packages(prefix_path) using defaults
[0.563s] Level 5:colcon.colcon_core.verb:set package 'uav_traj_ros2' build argument 'cmake_args' from command line to 'None'
[0.563s] Level 5:colcon.colcon_core.verb:set package 'uav_traj_ros2' build argument 'cmake_target' from command line to 'None'
[0.563s] Level 5:colcon.colcon_core.verb:set package 'uav_traj_ros2' build argument 'cmake_target_skip_unavailable' from command line to 'False'
[0.563s] Level 5:colcon.colcon_core.verb:set package 'uav_traj_ros2' build argument 'cmake_clean_cache' from command line to 'False'
[0.563s] Level 5:colcon.colcon_core.verb:set package 'uav_traj_ros2' build argument 'cmake_clean_first' from command line to 'False'
[0.563s] Level 5:colcon.colcon_core.verb:set package 'uav_traj_ros2' build argument 'cmake_force_configure' from command line to 'False'
[0.563s] Level 5:colcon.colcon_core.verb:set package 'uav_traj_ros2' build argument 'ament_cmake_args' from command line to 'None'
[0.563s] Level 5:colcon.colcon_core.verb:set package 'uav_traj_ros2' build argument 'catkin_cmake_args' from command line to 'None'
[0.563s] Level 5:colcon.colcon_core.verb:set package 'uav_traj_ros2' build argument 'catkin_skip_building_tests' from command line to 'False'
[0.563s] DEBUG:colcon.colcon_core.verb:Building package 'uav_traj_ros2' with the following arguments: {'ament_cmake_args': None, 'build_base': '/home/justin/ros2_ws/src/uav_traj_ros2/build/uav_traj_ros2', 'catkin_cmake_args': None, 'catkin_skip_building_tests': False, 'cmake_args': None, 'cmake_clean_cache': False, 'cmake_clean_first': False, 'cmake_force_configure': False, 'cmake_target': None, 'cmake_target_skip_unavailable': False, 'install_base': '/home/justin/ros2_ws/src/uav_traj_ros2/install/uav_traj_ros2', 'merge_install': False, 'path': '/home/justin/ros2_ws/src/uav_traj_ros2/uav_traj_ros2', 'symlink_install': True, 'test_result_base': None}
[0.565s] INFO:colcon.colcon_core.executor:Executing jobs using 'parallel' executor
[0.571s] DEBUG:colcon.colcon_parallel_executor.executor.parallel:run_until_complete
[0.572s] INFO:colcon.colcon_ros.task.ament_cmake.build:Building ROS package in '/home/justin/ros2_ws/src/uav_traj_ros2/uav_traj_ros2' with build type 'ament_cmake'
[0.572s] INFO:colcon.colcon_cmake.task.cmake.build:Building CMake package in '/home/justin/ros2_ws/src/uav_traj_ros2/uav_traj_ros2'
[0.577s] INFO:colcon.colcon_core.plugin_system:Skipping extension 'colcon_core.shell.bat': Not used on non-Windows systems
[0.577s] INFO:colcon.colcon_core.shell:Skip shell extension 'powershell' for command environment: Not usable outside of PowerShell
[0.577s] DEBUG:colcon.colcon_core.shell:Skip shell extension 'dsv' for command environment
[0.594s] DEBUG:colcon.colcon_core.event_handler.log_command:Invoking command in '/home/justin/ros2_ws/src/uav_traj_ros2/build/uav_traj_ros2': CMAKE_PREFIX_PATH=${CMAKE_PREFIX_PATH}:/opt/ros/foxy /usr/bin/cmake /home/justin/ros2_ws/src/uav_traj_ros2/uav_traj_ros2 -DAMENT_CMAKE_SYMLINK_INSTALL=1 -DCMAKE_INSTALL_PREFIX=/home/justin/ros2_ws/src/uav_traj_ros2/install/uav_traj_ros2
[2.436s] DEBUG:colcon.colcon_core.event_handler.log_command:Invoked command in '/home/justin/ros2_ws/src/uav_traj_ros2/build/uav_traj_ros2' returned '0': CMAKE_PREFIX_PATH=${CMAKE_PREFIX_PATH}:/opt/ros/foxy /usr/bin/cmake /home/justin/ros2_ws/src/uav_traj_ros2/uav_traj_ros2 -DAMENT_CMAKE_SYMLINK_INSTALL=1 -DCMAKE_INSTALL_PREFIX=/home/justin/ros2_ws/src/uav_traj_ros2/install/uav_traj_ros2
[2.439s] DEBUG:colcon.colcon_core.event_handler.log_command:Invoking command in '/home/justin/ros2_ws/src/uav_traj_ros2/build/uav_traj_ros2': CMAKE_PREFIX_PATH=${CMAKE_PREFIX_PATH}:/opt/ros/foxy /usr/bin/cmake --build /home/justin/ros2_ws/src/uav_traj_ros2/build/uav_traj_ros2 -- -j16 -l16
[8.744s] DEBUG:colcon.colcon_core.event_handler.log_command:Invoked command in '/home/justin/ros2_ws/src/uav_traj_ros2/build/uav_traj_ros2' returned '2': CMAKE_PREFIX_PATH=${CMAKE_PREFIX_PATH}:/opt/ros/foxy /usr/bin/cmake --build /home/justin/ros2_ws/src/uav_traj_ros2/build/uav_traj_ros2 -- -j16 -l16
[8.780s] Level 1:colcon.colcon_core.environment:create_environment_scripts_only(uav_traj_ros2)
[8.789s] Level 1:colcon.colcon_core.environment:checking '/home/justin/ros2_ws/src/uav_traj_ros2/install/uav_traj_ros2' for CMake module files
[8.789s] Level 1:colcon.colcon_core.environment:checking '/home/justin/ros2_ws/src/uav_traj_ros2/install/uav_traj_ros2' for CMake config files
[8.789s] Level 1:colcon.colcon_core.environment:checking '/home/justin/ros2_ws/src/uav_traj_ros2/install/uav_traj_ros2/bin'
[8.789s] Level 1:colcon.colcon_core.environment:checking '/home/justin/ros2_ws/src/uav_traj_ros2/install/uav_traj_ros2/lib/pkgconfig/uav_traj_ros2.pc'
[8.790s] Level 1:colcon.colcon_core.environment:checking '/home/justin/ros2_ws/src/uav_traj_ros2/install/uav_traj_ros2/lib/python3.8/site-packages'
[8.790s] Level 1:colcon.colcon_core.environment:checking '/home/justin/ros2_ws/src/uav_traj_ros2/install/uav_traj_ros2/bin'
[8.794s] INFO:colcon.colcon_core.shell:Creating package script '/home/justin/ros2_ws/src/uav_traj_ros2/install/uav_traj_ros2/share/uav_traj_ros2/package.ps1'
[8.795s] INFO:colcon.colcon_core.shell:Creating package descriptor '/home/justin/ros2_ws/src/uav_traj_ros2/install/uav_traj_ros2/share/uav_traj_ros2/package.dsv'
[8.795s] INFO:colcon.colcon_core.shell:Creating package script '/home/justin/ros2_ws/src/uav_traj_ros2/install/uav_traj_ros2/share/uav_traj_ros2/package.sh'
[8.796s] INFO:colcon.colcon_core.shell:Creating package script '/home/justin/ros2_ws/src/uav_traj_ros2/install/uav_traj_ros2/share/uav_traj_ros2/package.bash'
[8.797s] INFO:colcon.colcon_core.shell:Creating package script '/home/justin/ros2_ws/src/uav_traj_ros2/install/uav_traj_ros2/share/uav_traj_ros2/package.zsh'
[8.797s] Level 1:colcon.colcon_core.environment:create_file_with_runtime_dependencies(/home/justin/ros2_ws/src/uav_traj_ros2/install/uav_traj_ros2/share/colcon-core/packages/uav_traj_ros2)
[8.808s] DEBUG:colcon.colcon_parallel_executor.executor.parallel:closing loop
[8.808s] DEBUG:colcon.colcon_parallel_executor.executor.parallel:loop closed
[8.808s] DEBUG:colcon.colcon_parallel_executor.executor.parallel:run_until_complete finished with '2'
[8.808s] DEBUG:colcon.colcon_core.event_reactor:joining thread
[8.813s] INFO:colcon.colcon_core.plugin_system:Skipping extension 'colcon_notification.desktop_notification.terminal_notifier': Not used on non-Darwin systems
[8.813s] INFO:colcon.colcon_core.plugin_system:Skipping extension 'colcon_notification.desktop_notification.win32': Not used on non-Windows systems
[8.813s] INFO:colcon.colcon_notification.desktop_notification:Sending desktop notification using 'notify2'
[8.827s] DEBUG:colcon.colcon_core.event_reactor:joined thread
[8.839s] INFO:colcon.colcon_core.shell:Creating prefix script '/home/justin/ros2_ws/src/uav_traj_ros2/install/local_setup.ps1'
[8.840s] INFO:colcon.colcon_core.shell:Creating prefix util module '/home/justin/ros2_ws/src/uav_traj_ros2/install/_local_setup_util_ps1.py'
[8.842s] INFO:colcon.colcon_core.shell:Creating prefix chain script '/home/justin/ros2_ws/src/uav_traj_ros2/install/setup.ps1'
[8.844s] INFO:colcon.colcon_core.shell:Creating prefix script '/home/justin/ros2_ws/src/uav_traj_ros2/install/local_setup.sh'
[8.844s] INFO:colcon.colcon_core.shell:Creating prefix util module '/home/justin/ros2_ws/src/uav_traj_ros2/install/_local_setup_util_sh.py'
[8.845s] INFO:colcon.colcon_core.shell:Creating prefix chain script '/home/justin/ros2_ws/src/uav_traj_ros2/install/setup.sh'
[8.847s] INFO:colcon.colcon_core.shell:Creating prefix script '/home/justin/ros2_ws/src/uav_traj_ros2/install/local_setup.bash'
[8.848s] INFO:colcon.colcon_core.shell:Creating prefix chain script '/home/justin/ros2_ws/src/uav_traj_ros2/install/setup.bash'
[8.850s] INFO:colcon.colcon_core.shell:Creating prefix script '/home/justin/ros2_ws/src/uav_traj_ros2/install/local_setup.zsh'
[8.850s] INFO:colcon.colcon_core.shell:Creating prefix chain script '/home/justin/ros2_ws/src/uav_traj_ros2/install/setup.zsh'
