[0.021s] Invoking command in '/home/justin/ros2_ws/src/uav_traj_ros2/build/uav_traj_ros2': CMAKE_PREFIX_PATH=${CMAKE_PREFIX_PATH}:/opt/ros/foxy /usr/bin/cmake --build /home/justin/ros2_ws/src/uav_traj_ros2/build/uav_traj_ros2 -- -j16 -l16
[0.064s] [35m[1mScanning dependencies of target sas_main[0m
[0.064s] [35m[1mScanning dependencies of target global_planner_node[0m
[0.074s] [ 14%] [32mBuilding CXX object CMakeFiles/sas_main.dir/src/Astar.cpp.o[0m
[0.074s] [ 14%] [32mBuilding CXX object CMakeFiles/sas_main.dir/scripts/main_sas.cpp.o[0m
[0.082s] [ 35%] Built target main_node
[0.085s] [ 42%] [32mBuilding CXX object CMakeFiles/global_planner_node.dir/src/Astar.cpp.o[0m
[0.087s] [ 50%] [32mBuilding CXX object CMakeFiles/global_planner_node.dir/scripts/global_planner_node.cpp.o[0m
[0.087s] [ 57%] [32mBuilding CXX object CMakeFiles/global_planner_node.dir/src/GlobalPlanner.cpp.o[0m
[0.428s] In file included from [01m[K/home/justin/ros2_ws/src/uav_traj_ros2/uav_traj_ros2/include/Astar.h:10[m[K,
[0.428s]                  from [01m[K/home/justin/ros2_ws/src/uav_traj_ros2/uav_traj_ros2/scripts/main_sas.cpp:5[m[K:
[0.429s] [01m[K/home/justin/ros2_ws/src/uav_traj_ros2/uav_traj_ros2/include/PositionVector.h:52:9:[m[K [01;35m[Kwarning: [m[Ktype qualifiers ignored on function return type [[01;35m[K-Wignored-qualifiers[m[K]
[0.429s]    52 |         [01;35m[Kconst[m[K double getThetaDg() {return theta_dg;}
[0.429s]       |         [01;35m[K^~~~~[m[K
[0.430s] [01m[K/home/justin/ros2_ws/src/uav_traj_ros2/uav_traj_ros2/include/PositionVector.h:53:9:[m[K [01;35m[Kwarning: [m[Ktype qualifiers ignored on function return type [[01;35m[K-Wignored-qualifiers[m[K]
[0.431s]    53 |         [01;35m[Kconst[m[K double getPsiDg() {return psi_dg;}
[0.431s]       |         [01;35m[K^~~~~[m[K
[0.463s] In file included from [01m[K/home/justin/ros2_ws/src/uav_traj_ros2/uav_traj_ros2/include/Astar.h:10[m[K,
[0.464s]                  from [01m[K/home/justin/ros2_ws/src/uav_traj_ros2/uav_traj_ros2/src/Astar.cpp:1[m[K:
[0.464s] [01m[K/home/justin/ros2_ws/src/uav_traj_ros2/uav_traj_ros2/include/PositionVector.h:52:9:[m[K [01;35m[Kwarning: [m[Ktype qualifiers ignored on function return type [[01;35m[K-Wignored-qualifiers[m[K]
[0.464s]    52 |         [01;35m[Kconst[m[K double getThetaDg() {return theta_dg;}
[0.464s]       |         [01;35m[K^~~~~[m[K
[0.464s] [01m[K/home/justin/ros2_ws/src/uav_traj_ros2/uav_traj_ros2/include/PositionVector.h:53:9:[m[K [01;35m[Kwarning: [m[Ktype qualifiers ignored on function return type [[01;35m[K-Wignored-qualifiers[m[K]
[0.464s]    53 |         [01;35m[Kconst[m[K double getPsiDg() {return psi_dg;}
[0.464s]       |         [01;35m[K^~~~~[m[K
[0.495s] [01m[K/home/justin/ros2_ws/src/uav_traj_ros2/uav_traj_ros2/src/Astar.cpp:15:2:[m[K [01;35m[Kwarning: [m[Kextra ‘[01m[K;[m[K’ [[01;35m[K-Wpedantic[m[K]
[0.495s]    15 | }[01;35m[K;[m[K
[0.495s]       |  [01;35m[K^[m[K
[0.496s] [01m[K/home/justin/ros2_ws/src/uav_traj_ros2/uav_traj_ros2/src/Astar.cpp:[m[K In member function ‘[01m[Kvoid FWNode::setDirectionVec()[m[K’:
[0.496s] [01m[K/home/justin/ros2_ws/src/uav_traj_ros2/uav_traj_ros2/src/Astar.cpp:22:15:[m[K [01;35m[Kwarning: [m[Kunused variable ‘[01m[Kmag_direction[m[K’ [[01;35m[K-Wunused-variable[m[K]
[0.496s]    22 |         float [01;35m[Kmag_direction[m[K = sqrt((direction_vec.x * direction_vec.x) +
[0.496s]       |               [01;35m[K^~~~~~~~~~~~~[m[K
[0.505s] [01m[K/home/justin/ros2_ws/src/uav_traj_ros2/uav_traj_ros2/scripts/main_sas.cpp:[m[K In function ‘[01m[Kint main()[m[K’:
[0.506s] [01m[K/home/justin/ros2_ws/src/uav_traj_ros2/uav_traj_ros2/scripts/main_sas.cpp:67:19:[m[K [01;35m[Kwarning: [m[Kunused variable ‘[01m[Kobstacle[m[K’ [[01;35m[K-Wunused-variable[m[K]
[0.506s]    67 |         Obstacle *[01;35m[Kobstacle[m[K = new Obstacle(x, y, z,
[0.506s]       |                   [01;35m[K^~~~~~~~[m[K
[0.545s] In file included from [01m[K/home/justin/ros2_ws/src/uav_traj_ros2/uav_traj_ros2/include/Astar.h:10[m[K,
[0.546s]                  from [01m[K/home/justin/ros2_ws/src/uav_traj_ros2/uav_traj_ros2/src/Astar.cpp:1[m[K:
[0.546s] [01m[K/home/justin/ros2_ws/src/uav_traj_ros2/uav_traj_ros2/include/PositionVector.h:52:9:[m[K [01;35m[Kwarning: [m[Ktype qualifiers ignored on function return type [[01;35m[K-Wignored-qualifiers[m[K]
[0.546s]    52 |         [01;35m[Kconst[m[K double getThetaDg() {return theta_dg;}
[0.546s]       |         [01;35m[K^~~~~[m[K
[0.546s] [01m[K/home/justin/ros2_ws/src/uav_traj_ros2/uav_traj_ros2/include/PositionVector.h:53:9:[m[K [01;35m[Kwarning: [m[Ktype qualifiers ignored on function return type [[01;35m[K-Wignored-qualifiers[m[K]
[0.546s]    53 |         [01;35m[Kconst[m[K double getPsiDg() {return psi_dg;}
[0.546s]       |         [01;35m[K^~~~~[m[K
[0.590s] [01m[K/home/justin/ros2_ws/src/uav_traj_ros2/uav_traj_ros2/src/Astar.cpp:15:2:[m[K [01;35m[Kwarning: [m[Kextra ‘[01m[K;[m[K’ [[01;35m[K-Wpedantic[m[K]
[0.591s]    15 | }[01;35m[K;[m[K
[0.591s]       |  [01;35m[K^[m[K
[0.591s] [01m[K/home/justin/ros2_ws/src/uav_traj_ros2/uav_traj_ros2/src/Astar.cpp:[m[K In member function ‘[01m[Kvoid FWNode::setDirectionVec()[m[K’:
[0.591s] [01m[K/home/justin/ros2_ws/src/uav_traj_ros2/uav_traj_ros2/src/Astar.cpp:22:15:[m[K [01;35m[Kwarning: [m[Kunused variable ‘[01m[Kmag_direction[m[K’ [[01;35m[K-Wunused-variable[m[K]
[0.591s]    22 |         float [01;35m[Kmag_direction[m[K = sqrt((direction_vec.x * direction_vec.x) +
[0.591s]       |               [01;35m[K^~~~~~~~~~~~~[m[K
[1.084s] [ 64%] [32m[1mLinking CXX executable sas_main[0m
[1.161s] [ 78%] Built target sas_main
[1.290s] In file included from [01m[K/home/justin/ros2_ws/src/uav_traj_ros2/uav_traj_ros2/include/Astar.h:10[m[K,
[1.290s]                  from [01m[K/home/justin/ros2_ws/src/uav_traj_ros2/uav_traj_ros2/include/GlobalPlanner.h:8[m[K,
[1.290s]                  from [01m[K/home/justin/ros2_ws/src/uav_traj_ros2/uav_traj_ros2/scripts/global_planner_node.cpp:2[m[K:
[1.290s] [01m[K/home/justin/ros2_ws/src/uav_traj_ros2/uav_traj_ros2/include/PositionVector.h:52:9:[m[K [01;35m[Kwarning: [m[Ktype qualifiers ignored on function return type [[01;35m[K-Wignored-qualifiers[m[K]
[1.290s]    52 |         [01;35m[Kconst[m[K double getThetaDg() {return theta_dg;}
[1.290s]       |         [01;35m[K^~~~~[m[K
[1.290s] [01m[K/home/justin/ros2_ws/src/uav_traj_ros2/uav_traj_ros2/include/PositionVector.h:53:9:[m[K [01;35m[Kwarning: [m[Ktype qualifiers ignored on function return type [[01;35m[K-Wignored-qualifiers[m[K]
[1.290s]    53 |         [01;35m[Kconst[m[K double getPsiDg() {return psi_dg;}
[1.290s]       |         [01;35m[K^~~~~[m[K
[1.310s] In file included from [01m[K/home/justin/ros2_ws/src/uav_traj_ros2/uav_traj_ros2/include/Astar.h:10[m[K,
[1.310s]                  from [01m[K/home/justin/ros2_ws/src/uav_traj_ros2/uav_traj_ros2/include/GlobalPlanner.h:8[m[K,
[1.310s]                  from [01m[K/home/justin/ros2_ws/src/uav_traj_ros2/uav_traj_ros2/src/GlobalPlanner.cpp:1[m[K:
[1.310s] [01m[K/home/justin/ros2_ws/src/uav_traj_ros2/uav_traj_ros2/include/PositionVector.h:52:9:[m[K [01;35m[Kwarning: [m[Ktype qualifiers ignored on function return type [[01;35m[K-Wignored-qualifiers[m[K]
[1.310s]    52 |         [01;35m[Kconst[m[K double getThetaDg() {return theta_dg;}
[1.310s]       |         [01;35m[K^~~~~[m[K
[1.310s] [01m[K/home/justin/ros2_ws/src/uav_traj_ros2/uav_traj_ros2/include/PositionVector.h:53:9:[m[K [01;35m[Kwarning: [m[Ktype qualifiers ignored on function return type [[01;35m[K-Wignored-qualifiers[m[K]
[1.310s]    53 |         [01;35m[Kconst[m[K double getPsiDg() {return psi_dg;}
[1.310s]       |         [01;35m[K^~~~~[m[K
[6.257s] [ 85%] [32m[1mLinking CXX executable global_planner_node[0m
[6.502s] [100%] Built target global_planner_node
[6.514s] Invoked command in '/home/justin/ros2_ws/src/uav_traj_ros2/build/uav_traj_ros2' returned '0': CMAKE_PREFIX_PATH=${CMAKE_PREFIX_PATH}:/opt/ros/foxy /usr/bin/cmake --build /home/justin/ros2_ws/src/uav_traj_ros2/build/uav_traj_ros2 -- -j16 -l16
[6.553s] Invoking command in '/home/justin/ros2_ws/src/uav_traj_ros2/build/uav_traj_ros2': CMAKE_PREFIX_PATH=${CMAKE_PREFIX_PATH}:/opt/ros/foxy /usr/bin/cmake --install /home/justin/ros2_ws/src/uav_traj_ros2/build/uav_traj_ros2
[6.564s] -- Install configuration: ""
[6.565s] -- Execute custom install script
[6.565s] -- Symlinking: /home/justin/ros2_ws/src/uav_traj_ros2/install/uav_traj_ros2/lib/uav_traj_ros2/sas_main
[6.573s] -- Symlinking: /home/justin/ros2_ws/src/uav_traj_ros2/install/uav_traj_ros2/lib/uav_traj_ros2/main_node
[6.580s] -- Symlinking: /home/justin/ros2_ws/src/uav_traj_ros2/install/uav_traj_ros2/lib/uav_traj_ros2/global_planner_node
[6.587s] -- Symlinking: /home/justin/ros2_ws/src/uav_traj_ros2/install/uav_traj_ros2/share/uav_traj_ros2/environment/pythonpath.sh
[6.597s] -- Symlinking: /home/justin/ros2_ws/src/uav_traj_ros2/install/uav_traj_ros2/share/uav_traj_ros2/environment/pythonpath.dsv
[6.607s] -- Symlinking: /home/justin/ros2_ws/src/uav_traj_ros2/install/uav_traj_ros2/lib/python3.8/site-packages/uav_traj_ros2/CasadiModels/AirplaneModel.py
[6.615s] -- Symlinking: /home/justin/ros2_ws/src/uav_traj_ros2/install/uav_traj_ros2/lib/python3.8/site-packages/uav_traj_ros2/CasadiModels/__init__.py
[6.622s] -- Symlinking: /home/justin/ros2_ws/src/uav_traj_ros2/install/uav_traj_ros2/lib/python3.8/site-packages/uav_traj_ros2/Config.py
[6.630s] -- Symlinking: /home/justin/ros2_ws/src/uav_traj_ros2/install/uav_traj_ros2/lib/python3.8/site-packages/uav_traj_ros2/MPC.py
[6.639s] -- Symlinking: /home/justin/ros2_ws/src/uav_traj_ros2/install/uav_traj_ros2/lib/python3.8/site-packages/uav_traj_ros2/__init__.py
[6.646s] -- Symlinking: /home/justin/ros2_ws/src/uav_traj_ros2/install/uav_traj_ros2/lib/python3.8/site-packages/uav_traj_ros2/quaternion_tools.py
[6.655s] -- Symlinking: /home/justin/ros2_ws/src/uav_traj_ros2/install/uav_traj_ros2/lib/uav_traj_ros2/waypoint_viz.py
[6.663s] -- Symlinking: /home/justin/ros2_ws/src/uav_traj_ros2/install/uav_traj_ros2/lib/uav_traj_ros2/fw_mpc_node.py
[6.670s] -- Symlinking: /home/justin/ros2_ws/src/uav_traj_ros2/install/uav_traj_ros2/share/ament_index/resource_index/package_run_dependencies/uav_traj_ros2
[6.679s] -- Symlinking: /home/justin/ros2_ws/src/uav_traj_ros2/install/uav_traj_ros2/share/ament_index/resource_index/parent_prefix_path/uav_traj_ros2
[6.686s] -- Symlinking: /home/justin/ros2_ws/src/uav_traj_ros2/install/uav_traj_ros2/share/uav_traj_ros2/environment/ament_prefix_path.sh
[6.694s] -- Symlinking: /home/justin/ros2_ws/src/uav_traj_ros2/install/uav_traj_ros2/share/uav_traj_ros2/environment/ament_prefix_path.dsv
[6.701s] -- Symlinking: /home/justin/ros2_ws/src/uav_traj_ros2/install/uav_traj_ros2/share/uav_traj_ros2/environment/path.sh
[6.709s] -- Symlinking: /home/justin/ros2_ws/src/uav_traj_ros2/install/uav_traj_ros2/share/uav_traj_ros2/environment/path.dsv
[6.716s] -- Symlinking: /home/justin/ros2_ws/src/uav_traj_ros2/install/uav_traj_ros2/share/uav_traj_ros2/local_setup.bash
[6.723s] -- Symlinking: /home/justin/ros2_ws/src/uav_traj_ros2/install/uav_traj_ros2/share/uav_traj_ros2/local_setup.sh
[6.730s] -- Symlinking: /home/justin/ros2_ws/src/uav_traj_ros2/install/uav_traj_ros2/share/uav_traj_ros2/local_setup.zsh
[6.738s] -- Symlinking: /home/justin/ros2_ws/src/uav_traj_ros2/install/uav_traj_ros2/share/uav_traj_ros2/local_setup.dsv
[6.746s] -- Symlinking: /home/justin/ros2_ws/src/uav_traj_ros2/install/uav_traj_ros2/share/uav_traj_ros2/package.dsv
[6.754s] -- Symlinking: /home/justin/ros2_ws/src/uav_traj_ros2/install/uav_traj_ros2/share/ament_index/resource_index/packages/uav_traj_ros2
[6.761s] -- Symlinking: /home/justin/ros2_ws/src/uav_traj_ros2/install/uav_traj_ros2/share/uav_traj_ros2/cmake/uav_traj_ros2Config.cmake
[6.768s] -- Symlinking: /home/justin/ros2_ws/src/uav_traj_ros2/install/uav_traj_ros2/share/uav_traj_ros2/cmake/uav_traj_ros2Config-version.cmake
[6.778s] -- Symlinking: /home/justin/ros2_ws/src/uav_traj_ros2/install/uav_traj_ros2/share/uav_traj_ros2/package.xml
[6.820s] Listing '/home/justin/ros2_ws/src/uav_traj_ros2/install/uav_traj_ros2/lib/python3.8/site-packages/uav_traj_ros2'...
[6.820s] Listing '/home/justin/ros2_ws/src/uav_traj_ros2/install/uav_traj_ros2/lib/python3.8/site-packages/uav_traj_ros2/CasadiModels'...
[6.820s] Compiling '/home/justin/ros2_ws/src/uav_traj_ros2/install/uav_traj_ros2/lib/python3.8/site-packages/uav_traj_ros2/CasadiModels/AirplaneModel.py'...
[6.820s] Compiling '/home/justin/ros2_ws/src/uav_traj_ros2/install/uav_traj_ros2/lib/python3.8/site-packages/uav_traj_ros2/CasadiModels/__init__.py'...
[6.820s] Compiling '/home/justin/ros2_ws/src/uav_traj_ros2/install/uav_traj_ros2/lib/python3.8/site-packages/uav_traj_ros2/Config.py'...
[6.820s] Compiling '/home/justin/ros2_ws/src/uav_traj_ros2/install/uav_traj_ros2/lib/python3.8/site-packages/uav_traj_ros2/MPC.py'...
[6.820s] Compiling '/home/justin/ros2_ws/src/uav_traj_ros2/install/uav_traj_ros2/lib/python3.8/site-packages/uav_traj_ros2/__init__.py'...
[6.820s] Compiling '/home/justin/ros2_ws/src/uav_traj_ros2/install/uav_traj_ros2/lib/python3.8/site-packages/uav_traj_ros2/quaternion_tools.py'...
[6.827s] Invoked command in '/home/justin/ros2_ws/src/uav_traj_ros2/build/uav_traj_ros2' returned '0': CMAKE_PREFIX_PATH=${CMAKE_PREFIX_PATH}:/opt/ros/foxy /usr/bin/cmake --install /home/justin/ros2_ws/src/uav_traj_ros2/build/uav_traj_ros2
