[0.386s] DEBUG:colcon:Command line arguments: ['/usr/bin/colcon', 'build', '--symlink-install', '--packages-select', 'uav_traj_ros2', 'drone_interfaces', 'drone_ros']
[0.386s] DEBUG:colcon:Parsed command line arguments: Namespace(allow_overriding=[], ament_cmake_args=None, base_paths=['.'], build_base='build', catkin_cmake_args=None, catkin_skip_building_tests=False, cmake_args=None, cmake_clean_cache=False, cmake_clean_first=False, cmake_force_configure=False, cmake_target=None, cmake_target_skip_unavailable=False, continue_on_error=False, event_handlers=None, executor='parallel', ignore_user_meta=False, install_base='install', log_base=None, log_level=None, main=<bound method BuildVerb.main of <colcon_core.verb.build.BuildVerb object at 0x7f17c8105dc0>>, merge_install=False, metas=['./colcon.meta'], packages_above=None, packages_above_and_dependencies=None, packages_above_depth=None, packages_end=None, packages_ignore=None, packages_ignore_regex=None, packages_select=['uav_traj_ros2', 'drone_interfaces', 'drone_ros'], packages_select_build_failed=False, packages_select_by_dep=None, packages_select_regex=None, packages_select_test_failures=False, packages_skip=None, packages_skip_build_finished=False, packages_skip_by_dep=None, packages_skip_regex=None, packages_skip_test_passed=False, packages_skip_up_to=None, packages_start=None, packages_up_to=None, packages_up_to_regex=None, parallel_workers=16, paths=None, symlink_install=True, test_result_base=None, verb_extension=<colcon_core.verb.build.BuildVerb object at 0x7f17c8105dc0>, verb_name='build', verb_parser=<colcon_defaults.argument_parser.defaults.DefaultArgumentsDecorator object at 0x7f17c80b0a90>)
[0.433s] Level 1:colcon.colcon_core.package_discovery:discover_packages(colcon_meta) check parameters
[0.433s] Level 1:colcon.colcon_core.package_discovery:discover_packages(recursive) check parameters
[0.433s] Level 1:colcon.colcon_core.package_discovery:discover_packages(ignore) check parameters
[0.433s] Level 1:colcon.colcon_core.package_discovery:discover_packages(path) check parameters
[0.433s] Level 1:colcon.colcon_core.package_discovery:discover_packages(colcon_meta) discover
[0.433s] Level 1:colcon.colcon_core.package_discovery:discover_packages(recursive) discover
[0.433s] INFO:colcon.colcon_core.package_discovery:Crawling recursively for packages in '/home/justin/ros2_ws/src/uav_traj_ros2'
[0.433s] Level 1:colcon.colcon_core.package_identification:_identify(.) by extensions ['ignore', 'ignore_ament_install']
[0.433s] Level 1:colcon.colcon_core.package_identification:_identify(.) by extension 'ignore'
[0.433s] Level 1:colcon.colcon_core.package_identification:_identify(.) by extension 'ignore_ament_install'
[0.433s] Level 1:colcon.colcon_core.package_identification:_identify(.) by extensions ['colcon_pkg']
[0.433s] Level 1:colcon.colcon_core.package_identification:_identify(.) by extension 'colcon_pkg'
[0.433s] Level 1:colcon.colcon_core.package_identification:_identify(.) by extensions ['colcon_meta']
[0.434s] Level 1:colcon.colcon_core.package_identification:_identify(.) by extension 'colcon_meta'
[0.434s] Level 1:colcon.colcon_core.package_identification:_identify(.) by extensions ['ros']
[0.434s] Level 1:colcon.colcon_core.package_identification:_identify(.) by extension 'ros'
[0.444s] Level 1:colcon.colcon_core.package_identification:_identify(.) by extensions ['cmake', 'python']
[0.444s] Level 1:colcon.colcon_core.package_identification:_identify(.) by extension 'cmake'
[0.444s] Level 1:colcon.colcon_core.package_identification:_identify(.) by extension 'python'
[0.444s] Level 1:colcon.colcon_core.package_identification:_identify(.) by extensions ['python_setup_py']
[0.444s] Level 1:colcon.colcon_core.package_identification:_identify(.) by extension 'python_setup_py'
[0.444s] Level 1:colcon.colcon_core.package_identification:_identify(build) by extensions ['ignore', 'ignore_ament_install']
[0.444s] Level 1:colcon.colcon_core.package_identification:_identify(build) by extension 'ignore'
[0.444s] Level 1:colcon.colcon_core.package_identification:_identify(build) ignored
[0.444s] Level 1:colcon.colcon_core.package_identification:_identify(install) by extensions ['ignore', 'ignore_ament_install']
[0.444s] Level 1:colcon.colcon_core.package_identification:_identify(install) by extension 'ignore'
[0.444s] Level 1:colcon.colcon_core.package_identification:_identify(install) ignored
[0.445s] Level 1:colcon.colcon_core.package_identification:_identify(log) by extensions ['ignore', 'ignore_ament_install']
[0.445s] Level 1:colcon.colcon_core.package_identification:_identify(log) by extension 'ignore'
[0.445s] Level 1:colcon.colcon_core.package_identification:_identify(log) ignored
[0.445s] Level 1:colcon.colcon_core.package_identification:_identify(uav_traj_ros2) by extensions ['ignore', 'ignore_ament_install']
[0.445s] Level 1:colcon.colcon_core.package_identification:_identify(uav_traj_ros2) by extension 'ignore'
[0.445s] Level 1:colcon.colcon_core.package_identification:_identify(uav_traj_ros2) by extension 'ignore_ament_install'
[0.445s] Level 1:colcon.colcon_core.package_identification:_identify(uav_traj_ros2) by extensions ['colcon_pkg']
[0.445s] Level 1:colcon.colcon_core.package_identification:_identify(uav_traj_ros2) by extension 'colcon_pkg'
[0.445s] Level 1:colcon.colcon_core.package_identification:_identify(uav_traj_ros2) by extensions ['colcon_meta']
[0.445s] Level 1:colcon.colcon_core.package_identification:_identify(uav_traj_ros2) by extension 'colcon_meta'
[0.445s] Level 1:colcon.colcon_core.package_identification:_identify(uav_traj_ros2) by extensions ['ros']
[0.445s] Level 1:colcon.colcon_core.package_identification:_identify(uav_traj_ros2) by extension 'ros'
[0.448s] DEBUG:colcon.colcon_core.package_identification:Package 'uav_traj_ros2' with type 'ros.ament_cmake' and name 'uav_traj_ros2'
[0.448s] Level 1:colcon.colcon_core.package_discovery:discover_packages(recursive) using defaults
[0.448s] Level 1:colcon.colcon_core.package_discovery:discover_packages(ignore) discover
[0.448s] Level 1:colcon.colcon_core.package_discovery:discover_packages(ignore) using defaults
[0.448s] Level 1:colcon.colcon_core.package_discovery:discover_packages(path) discover
[0.448s] Level 1:colcon.colcon_core.package_discovery:discover_packages(path) using defaults
[0.451s] WARNING:colcon.colcon_core.package_selection:ignoring unknown package 'drone_interfaces' in --packages-select
[0.451s] WARNING:colcon.colcon_core.package_selection:ignoring unknown package 'drone_ros' in --packages-select
[0.472s] Level 1:colcon.colcon_core.package_discovery:discover_packages(prefix_path) check parameters
[0.472s] Level 1:colcon.colcon_core.package_discovery:discover_packages(prefix_path) discover
[0.475s] DEBUG:colcon.colcon_installed_package_information.package_discovery:Found 3 installed packages in /home/justin/ros2_ws/install
[0.476s] DEBUG:colcon.colcon_installed_package_information.package_discovery:Found 1 installed packages in /home/justin/install
[0.477s] DEBUG:colcon.colcon_installed_package_information.package_discovery:Found 2 installed packages in /home/justin/AirSim/ros2/install
[0.479s] DEBUG:colcon.colcon_installed_package_information.package_discovery:Found 311 installed packages in /opt/ros/foxy
[0.481s] Level 1:colcon.colcon_core.package_discovery:discover_packages(prefix_path) using defaults
[0.554s] Level 5:colcon.colcon_core.verb:set package 'uav_traj_ros2' build argument 'cmake_args' from command line to 'None'
[0.554s] Level 5:colcon.colcon_core.verb:set package 'uav_traj_ros2' build argument 'cmake_target' from command line to 'None'
[0.554s] Level 5:colcon.colcon_core.verb:set package 'uav_traj_ros2' build argument 'cmake_target_skip_unavailable' from command line to 'False'
[0.554s] Level 5:colcon.colcon_core.verb:set package 'uav_traj_ros2' build argument 'cmake_clean_cache' from command line to 'False'
[0.554s] Level 5:colcon.colcon_core.verb:set package 'uav_traj_ros2' build argument 'cmake_clean_first' from command line to 'False'
[0.554s] Level 5:colcon.colcon_core.verb:set package 'uav_traj_ros2' build argument 'cmake_force_configure' from command line to 'False'
[0.554s] Level 5:colcon.colcon_core.verb:set package 'uav_traj_ros2' build argument 'ament_cmake_args' from command line to 'None'
[0.554s] Level 5:colcon.colcon_core.verb:set package 'uav_traj_ros2' build argument 'catkin_cmake_args' from command line to 'None'
[0.554s] Level 5:colcon.colcon_core.verb:set package 'uav_traj_ros2' build argument 'catkin_skip_building_tests' from command line to 'False'
[0.554s] DEBUG:colcon.colcon_core.verb:Building package 'uav_traj_ros2' with the following arguments: {'ament_cmake_args': None, 'build_base': '/home/justin/ros2_ws/src/uav_traj_ros2/build/uav_traj_ros2', 'catkin_cmake_args': None, 'catkin_skip_building_tests': False, 'cmake_args': None, 'cmake_clean_cache': False, 'cmake_clean_first': False, 'cmake_force_configure': False, 'cmake_target': None, 'cmake_target_skip_unavailable': False, 'install_base': '/home/justin/ros2_ws/src/uav_traj_ros2/install/uav_traj_ros2', 'merge_install': False, 'path': '/home/justin/ros2_ws/src/uav_traj_ros2/uav_traj_ros2', 'symlink_install': True, 'test_result_base': None}
[0.555s] INFO:colcon.colcon_core.executor:Executing jobs using 'parallel' executor
[0.561s] DEBUG:colcon.colcon_parallel_executor.executor.parallel:run_until_complete
[0.561s] INFO:colcon.colcon_ros.task.ament_cmake.build:Building ROS package in '/home/justin/ros2_ws/src/uav_traj_ros2/uav_traj_ros2' with build type 'ament_cmake'
[0.561s] INFO:colcon.colcon_cmake.task.cmake.build:Building CMake package in '/home/justin/ros2_ws/src/uav_traj_ros2/uav_traj_ros2'
[0.566s] INFO:colcon.colcon_core.plugin_system:Skipping extension 'colcon_core.shell.bat': Not used on non-Windows systems
[0.566s] INFO:colcon.colcon_core.shell:Skip shell extension 'powershell' for command environment: Not usable outside of PowerShell
[0.566s] DEBUG:colcon.colcon_core.shell:Skip shell extension 'dsv' for command environment
[0.583s] DEBUG:colcon.colcon_core.event_handler.log_command:Invoking command in '/home/justin/ros2_ws/src/uav_traj_ros2/build/uav_traj_ros2': CMAKE_PREFIX_PATH=${CMAKE_PREFIX_PATH}:/opt/ros/foxy /usr/bin/cmake --build /home/justin/ros2_ws/src/uav_traj_ros2/build/uav_traj_ros2 -- -j16 -l16
[7.076s] DEBUG:colcon.colcon_core.event_handler.log_command:Invoked command in '/home/justin/ros2_ws/src/uav_traj_ros2/build/uav_traj_ros2' returned '0': CMAKE_PREFIX_PATH=${CMAKE_PREFIX_PATH}:/opt/ros/foxy /usr/bin/cmake --build /home/justin/ros2_ws/src/uav_traj_ros2/build/uav_traj_ros2 -- -j16 -l16
[7.115s] DEBUG:colcon.colcon_core.event_handler.log_command:Invoking command in '/home/justin/ros2_ws/src/uav_traj_ros2/build/uav_traj_ros2': CMAKE_PREFIX_PATH=${CMAKE_PREFIX_PATH}:/opt/ros/foxy /usr/bin/cmake --install /home/justin/ros2_ws/src/uav_traj_ros2/build/uav_traj_ros2
[7.387s] Level 1:colcon.colcon_core.environment:create_environment_scripts_only(uav_traj_ros2)
[7.389s] DEBUG:colcon.colcon_core.event_handler.log_command:Invoked command in '/home/justin/ros2_ws/src/uav_traj_ros2/build/uav_traj_ros2' returned '0': CMAKE_PREFIX_PATH=${CMAKE_PREFIX_PATH}:/opt/ros/foxy /usr/bin/cmake --install /home/justin/ros2_ws/src/uav_traj_ros2/build/uav_traj_ros2
[7.395s] Level 1:colcon.colcon_core.environment:checking '/home/justin/ros2_ws/src/uav_traj_ros2/install/uav_traj_ros2' for CMake module files
[7.395s] Level 1:colcon.colcon_core.environment:checking '/home/justin/ros2_ws/src/uav_traj_ros2/install/uav_traj_ros2' for CMake config files
[7.396s] Level 1:colcon.colcon_core.shell:create_environment_hook('uav_traj_ros2', 'cmake_prefix_path')
[7.399s] INFO:colcon.colcon_core.shell:Creating environment hook '/home/justin/ros2_ws/src/uav_traj_ros2/install/uav_traj_ros2/share/uav_traj_ros2/hook/cmake_prefix_path.ps1'
[7.399s] INFO:colcon.colcon_core.shell:Creating environment descriptor '/home/justin/ros2_ws/src/uav_traj_ros2/install/uav_traj_ros2/share/uav_traj_ros2/hook/cmake_prefix_path.dsv'
[7.400s] INFO:colcon.colcon_core.shell:Creating environment hook '/home/justin/ros2_ws/src/uav_traj_ros2/install/uav_traj_ros2/share/uav_traj_ros2/hook/cmake_prefix_path.sh'
[7.401s] Level 1:colcon.colcon_core.environment:checking '/home/justin/ros2_ws/src/uav_traj_ros2/install/uav_traj_ros2/lib'
[7.401s] Level 1:colcon.colcon_core.environment:checking '/home/justin/ros2_ws/src/uav_traj_ros2/install/uav_traj_ros2/bin'
[7.401s] Level 1:colcon.colcon_core.environment:checking '/home/justin/ros2_ws/src/uav_traj_ros2/install/uav_traj_ros2/lib/pkgconfig/uav_traj_ros2.pc'
[7.401s] Level 1:colcon.colcon_core.environment:checking '/home/justin/ros2_ws/src/uav_traj_ros2/install/uav_traj_ros2/lib/python3.8/site-packages'
[7.401s] Level 1:colcon.colcon_core.shell:create_environment_hook('uav_traj_ros2', 'pythonpath')
[7.404s] INFO:colcon.colcon_core.shell:Creating environment hook '/home/justin/ros2_ws/src/uav_traj_ros2/install/uav_traj_ros2/share/uav_traj_ros2/hook/pythonpath.ps1'
[7.404s] INFO:colcon.colcon_core.shell:Creating environment descriptor '/home/justin/ros2_ws/src/uav_traj_ros2/install/uav_traj_ros2/share/uav_traj_ros2/hook/pythonpath.dsv'
[7.404s] INFO:colcon.colcon_core.shell:Creating environment hook '/home/justin/ros2_ws/src/uav_traj_ros2/install/uav_traj_ros2/share/uav_traj_ros2/hook/pythonpath.sh'
[7.405s] Level 1:colcon.colcon_core.environment:checking '/home/justin/ros2_ws/src/uav_traj_ros2/install/uav_traj_ros2/bin'
[7.407s] INFO:colcon.colcon_core.shell:Creating package script '/home/justin/ros2_ws/src/uav_traj_ros2/install/uav_traj_ros2/share/uav_traj_ros2/package.ps1'
[7.408s] INFO:colcon.colcon_core.shell:Creating package descriptor '/home/justin/ros2_ws/src/uav_traj_ros2/install/uav_traj_ros2/share/uav_traj_ros2/package.dsv'
[7.408s] INFO:colcon.colcon_core.shell:Creating package script '/home/justin/ros2_ws/src/uav_traj_ros2/install/uav_traj_ros2/share/uav_traj_ros2/package.sh'
[7.409s] INFO:colcon.colcon_core.shell:Creating package script '/home/justin/ros2_ws/src/uav_traj_ros2/install/uav_traj_ros2/share/uav_traj_ros2/package.bash'
[7.409s] INFO:colcon.colcon_core.shell:Creating package script '/home/justin/ros2_ws/src/uav_traj_ros2/install/uav_traj_ros2/share/uav_traj_ros2/package.zsh'
[7.410s] Level 1:colcon.colcon_core.environment:create_file_with_runtime_dependencies(/home/justin/ros2_ws/src/uav_traj_ros2/install/uav_traj_ros2/share/colcon-core/packages/uav_traj_ros2)
[7.445s] Level 1:colcon.colcon_core.environment:create_environment_scripts_only(uav_traj_ros2)
[7.449s] Level 1:colcon.colcon_core.environment:checking '/home/justin/ros2_ws/src/uav_traj_ros2/install/uav_traj_ros2' for CMake module files
[7.450s] Level 1:colcon.colcon_core.environment:checking '/home/justin/ros2_ws/src/uav_traj_ros2/install/uav_traj_ros2' for CMake config files
[7.450s] Level 1:colcon.colcon_core.shell:create_environment_hook('uav_traj_ros2', 'cmake_prefix_path')
[7.453s] INFO:colcon.colcon_core.shell:Creating environment hook '/home/justin/ros2_ws/src/uav_traj_ros2/install/uav_traj_ros2/share/uav_traj_ros2/hook/cmake_prefix_path.ps1'
[7.453s] INFO:colcon.colcon_core.shell:Creating environment descriptor '/home/justin/ros2_ws/src/uav_traj_ros2/install/uav_traj_ros2/share/uav_traj_ros2/hook/cmake_prefix_path.dsv'
[7.454s] INFO:colcon.colcon_core.shell:Creating environment hook '/home/justin/ros2_ws/src/uav_traj_ros2/install/uav_traj_ros2/share/uav_traj_ros2/hook/cmake_prefix_path.sh'
[7.454s] Level 1:colcon.colcon_core.environment:checking '/home/justin/ros2_ws/src/uav_traj_ros2/install/uav_traj_ros2/lib'
[7.454s] Level 1:colcon.colcon_core.environment:checking '/home/justin/ros2_ws/src/uav_traj_ros2/install/uav_traj_ros2/bin'
[7.454s] Level 1:colcon.colcon_core.environment:checking '/home/justin/ros2_ws/src/uav_traj_ros2/install/uav_traj_ros2/lib/pkgconfig/uav_traj_ros2.pc'
[7.454s] Level 1:colcon.colcon_core.environment:checking '/home/justin/ros2_ws/src/uav_traj_ros2/install/uav_traj_ros2/lib/python3.8/site-packages'
[7.454s] Level 1:colcon.colcon_core.shell:create_environment_hook('uav_traj_ros2', 'pythonpath')
[7.457s] INFO:colcon.colcon_core.shell:Creating environment hook '/home/justin/ros2_ws/src/uav_traj_ros2/install/uav_traj_ros2/share/uav_traj_ros2/hook/pythonpath.ps1'
[7.457s] INFO:colcon.colcon_core.shell:Creating environment descriptor '/home/justin/ros2_ws/src/uav_traj_ros2/install/uav_traj_ros2/share/uav_traj_ros2/hook/pythonpath.dsv'
[7.457s] INFO:colcon.colcon_core.shell:Creating environment hook '/home/justin/ros2_ws/src/uav_traj_ros2/install/uav_traj_ros2/share/uav_traj_ros2/hook/pythonpath.sh'
[7.458s] Level 1:colcon.colcon_core.environment:checking '/home/justin/ros2_ws/src/uav_traj_ros2/install/uav_traj_ros2/bin'
[7.461s] INFO:colcon.colcon_core.shell:Creating package script '/home/justin/ros2_ws/src/uav_traj_ros2/install/uav_traj_ros2/share/uav_traj_ros2/package.ps1'
[7.461s] INFO:colcon.colcon_core.shell:Creating package descriptor '/home/justin/ros2_ws/src/uav_traj_ros2/install/uav_traj_ros2/share/uav_traj_ros2/package.dsv'
[7.462s] INFO:colcon.colcon_core.shell:Creating package script '/home/justin/ros2_ws/src/uav_traj_ros2/install/uav_traj_ros2/share/uav_traj_ros2/package.sh'
[7.462s] INFO:colcon.colcon_core.shell:Creating package script '/home/justin/ros2_ws/src/uav_traj_ros2/install/uav_traj_ros2/share/uav_traj_ros2/package.bash'
[7.462s] INFO:colcon.colcon_core.shell:Creating package script '/home/justin/ros2_ws/src/uav_traj_ros2/install/uav_traj_ros2/share/uav_traj_ros2/package.zsh'
[7.463s] Level 1:colcon.colcon_core.environment:create_file_with_runtime_dependencies(/home/justin/ros2_ws/src/uav_traj_ros2/install/uav_traj_ros2/share/colcon-core/packages/uav_traj_ros2)
[7.463s] DEBUG:colcon.colcon_parallel_executor.executor.parallel:closing loop
[7.464s] DEBUG:colcon.colcon_parallel_executor.executor.parallel:loop closed
[7.464s] DEBUG:colcon.colcon_parallel_executor.executor.parallel:run_until_complete finished with '0'
[7.464s] DEBUG:colcon.colcon_core.event_reactor:joining thread
[7.470s] INFO:colcon.colcon_core.plugin_system:Skipping extension 'colcon_notification.desktop_notification.terminal_notifier': Not used on non-Darwin systems
[7.470s] INFO:colcon.colcon_core.plugin_system:Skipping extension 'colcon_notification.desktop_notification.win32': Not used on non-Windows systems
[7.470s] INFO:colcon.colcon_notification.desktop_notification:Sending desktop notification using 'notify2'
[7.488s] DEBUG:colcon.colcon_core.event_reactor:joined thread
[7.491s] INFO:colcon.colcon_core.shell:Creating prefix script '/home/justin/ros2_ws/src/uav_traj_ros2/install/local_setup.ps1'
[7.492s] INFO:colcon.colcon_core.shell:Creating prefix util module '/home/justin/ros2_ws/src/uav_traj_ros2/install/_local_setup_util_ps1.py'
[7.493s] INFO:colcon.colcon_core.shell:Creating prefix chain script '/home/justin/ros2_ws/src/uav_traj_ros2/install/setup.ps1'
[7.495s] INFO:colcon.colcon_core.shell:Creating prefix script '/home/justin/ros2_ws/src/uav_traj_ros2/install/local_setup.sh'
[7.495s] INFO:colcon.colcon_core.shell:Creating prefix util module '/home/justin/ros2_ws/src/uav_traj_ros2/install/_local_setup_util_sh.py'
[7.496s] INFO:colcon.colcon_core.shell:Creating prefix chain script '/home/justin/ros2_ws/src/uav_traj_ros2/install/setup.sh'
[7.498s] INFO:colcon.colcon_core.shell:Creating prefix script '/home/justin/ros2_ws/src/uav_traj_ros2/install/local_setup.bash'
[7.498s] INFO:colcon.colcon_core.shell:Creating prefix chain script '/home/justin/ros2_ws/src/uav_traj_ros2/install/setup.bash'
[7.499s] INFO:colcon.colcon_core.shell:Creating prefix script '/home/justin/ros2_ws/src/uav_traj_ros2/install/local_setup.zsh'
[7.500s] INFO:colcon.colcon_core.shell:Creating prefix chain script '/home/justin/ros2_ws/src/uav_traj_ros2/install/setup.zsh'
