In file included from [01m[K/home/justin/ros2_ws/src/uav_traj_ros2/uav_traj_ros2/include/GridMap.h:5[m[K,
                 from [01m[K/home/justin/ros2_ws/src/uav_traj_ros2/uav_traj_ros2/src/GridMap.cpp:1[m[K:
[01m[K/home/justin/ros2_ws/src/uav_traj_ros2/uav_traj_ros2/include/PositionVector.h:52:9:[m[K [01;35m[Kwarning: [m[Ktype qualifiers ignored on function return type [[01;35m[K-Wignored-qualifiers[m[K]
   52 |         [01;35m[Kconst[m[K double getThetaDg() {return theta_dg;}
      |         [01;35m[K^~~~~[m[K
[01m[K/home/justin/ros2_ws/src/uav_traj_ros2/uav_traj_ros2/include/PositionVector.h:53:9:[m[K [01;35m[Kwarning: [m[Ktype qualifiers ignored on function return type [[01;35m[K-Wignored-qualifiers[m[K]
   53 |         [01;35m[Kconst[m[K double getPsiDg() {return psi_dg;}
      |         [01;35m[K^~~~~[m[K
In file included from [01m[K/home/justin/ros2_ws/src/uav_traj_ros2/uav_traj_ros2/src/PositionVector.cpp:1[m[K:
[01m[K/home/justin/ros2_ws/src/uav_traj_ros2/uav_traj_ros2/include/PositionVector.h:52:9:[m[K [01;35m[Kwarning: [m[Ktype qualifiers ignored on function return type [[01;35m[K-Wignored-qualifiers[m[K]
   52 |         [01;35m[Kconst[m[K double getThetaDg() {return theta_dg;}
      |         [01;35m[K^~~~~[m[K
[01m[K/home/justin/ros2_ws/src/uav_traj_ros2/uav_traj_ros2/include/PositionVector.h:53:9:[m[K [01;35m[Kwarning: [m[Ktype qualifiers ignored on function return type [[01;35m[K-Wignored-qualifiers[m[K]
   53 |         [01;35m[Kconst[m[K double getPsiDg() {return psi_dg;}
      |         [01;35m[K^~~~~[m[K
In file included from [01m[K/home/justin/ros2_ws/src/uav_traj_ros2/uav_traj_ros2/include/GridMap.h:5[m[K,
                 from [01m[K/home/justin/ros2_ws/src/uav_traj_ros2/uav_traj_ros2/src/GridMap.cpp:1[m[K:
[01m[K/home/justin/ros2_ws/src/uav_traj_ros2/uav_traj_ros2/include/PositionVector.h:52:9:[m[K [01;35m[Kwarning: [m[Ktype qualifiers ignored on function return type [[01;35m[K-Wignored-qualifiers[m[K]
   52 |         [01;35m[Kconst[m[K double getThetaDg() {return theta_dg;}
      |         [01;35m[K^~~~~[m[K
[01m[K/home/justin/ros2_ws/src/uav_traj_ros2/uav_traj_ros2/include/PositionVector.h:53:9:[m[K [01;35m[Kwarning: [m[Ktype qualifiers ignored on function return type [[01;35m[K-Wignored-qualifiers[m[K]
   53 |         [01;35m[Kconst[m[K double getPsiDg() {return psi_dg;}
      |         [01;35m[K^~~~~[m[K
[01m[K/home/justin/ros2_ws/src/uav_traj_ros2/uav_traj_ros2/src/GridMap.cpp:[m[K In member function ‘[01m[Kbool GridMap::isInsideObstacles(PositionVector, float)[m[K’:
[01m[K/home/justin/ros2_ws/src/uav_traj_ros2/uav_traj_ros2/src/GridMap.cpp:249:64:[m[K [01;35m[Kwarning: [m[Kunused parameter ‘[01m[Kradius[m[K’ [[01;35m[K-Wunused-parameter[m[K]
  249 | bool GridMap::isInsideObstacles(PositionVector position, [01;35m[Kfloat radius[m[K)
      |                                                          [01;35m[K~~~~~~^~~~~~[m[K
In file included from [01m[K/home/justin/ros2_ws/src/uav_traj_ros2/uav_traj_ros2/src/PositionVector.cpp:1[m[K:
[01m[K/home/justin/ros2_ws/src/uav_traj_ros2/uav_traj_ros2/include/PositionVector.h:52:9:[m[K [01;35m[Kwarning: [m[Ktype qualifiers ignored on function return type [[01;35m[K-Wignored-qualifiers[m[K]
   52 |         [01;35m[Kconst[m[K double getThetaDg() {return theta_dg;}
      |         [01;35m[K^~~~~[m[K
[01m[K/home/justin/ros2_ws/src/uav_traj_ros2/uav_traj_ros2/include/PositionVector.h:53:9:[m[K [01;35m[Kwarning: [m[Ktype qualifiers ignored on function return type [[01;35m[K-Wignored-qualifiers[m[K]
   53 |         [01;35m[Kconst[m[K double getPsiDg() {return psi_dg;}
      |         [01;35m[K^~~~~[m[K
[01m[K/home/justin/ros2_ws/src/uav_traj_ros2/uav_traj_ros2/src/GridMap.cpp:[m[K In member function ‘[01m[Kbool GridMap::isInsideObstacles(PositionVector, float)[m[K’:
[01m[K/home/justin/ros2_ws/src/uav_traj_ros2/uav_traj_ros2/src/GridMap.cpp:249:64:[m[K [01;35m[Kwarning: [m[Kunused parameter ‘[01m[Kradius[m[K’ [[01;35m[K-Wunused-parameter[m[K]
  249 | bool GridMap::isInsideObstacles(PositionVector position, [01;35m[Kfloat radius[m[K)
      |                                                          [01;35m[K~~~~~~^~~~~~[m[K
[01m[K/home/justin/ros2_ws/src/uav_traj_ros2/uav_traj_ros2/src/GridMap.cpp:[m[K In constructor ‘[01m[KAgent::Agent(int, int, int, int, int, int, double)[m[K’:
[01m[K/home/justin/ros2_ws/src/uav_traj_ros2/uav_traj_ros2/src/GridMap.cpp:10:32:[m[K [01;35m[Kwarning: [m[K‘[01m[K*<unknown>.Agent::z[m[K’ is used uninitialized in this function [[01;35m[K-Wuninitialized[m[K]
   10 |             double agent_radius[01;35m[K)[m[K
      |                                [01;35m[K^[m[K
[01m[K/home/justin/ros2_ws/src/uav_traj_ros2/uav_traj_ros2/src/GridMap.cpp:10:32:[m[K [01;35m[Kwarning: [m[K‘[01m[K*<unknown>.Agent::y[m[K’ is used uninitialized in this function [[01;35m[K-Wuninitialized[m[K]
[01m[K/home/justin/ros2_ws/src/uav_traj_ros2/uav_traj_ros2/src/GridMap.cpp:10:32:[m[K [01;35m[Kwarning: [m[K‘[01m[K*<unknown>.Agent::x[m[K’ is used uninitialized in this function [[01;35m[K-Wuninitialized[m[K]
In file included from [01m[K/home/justin/ros2_ws/src/uav_traj_ros2/uav_traj_ros2/include/Astar.h:10[m[K,
                 from [01m[K/home/justin/ros2_ws/src/uav_traj_ros2/uav_traj_ros2/scripts/main_sas.cpp:5[m[K:
[01m[K/home/justin/ros2_ws/src/uav_traj_ros2/uav_traj_ros2/include/PositionVector.h:52:9:[m[K [01;35m[Kwarning: [m[Ktype qualifiers ignored on function return type [[01;35m[K-Wignored-qualifiers[m[K]
   52 |         [01;35m[Kconst[m[K double getThetaDg() {return theta_dg;}
      |         [01;35m[K^~~~~[m[K
[01m[K/home/justin/ros2_ws/src/uav_traj_ros2/uav_traj_ros2/include/PositionVector.h:53:9:[m[K [01;35m[Kwarning: [m[Ktype qualifiers ignored on function return type [[01;35m[K-Wignored-qualifiers[m[K]
   53 |         [01;35m[Kconst[m[K double getPsiDg() {return psi_dg;}
      |         [01;35m[K^~~~~[m[K
[01m[K/home/justin/ros2_ws/src/uav_traj_ros2/uav_traj_ros2/src/GridMap.cpp:[m[K In constructor ‘[01m[KAgent::Agent(int, int, int, int, int, int, double)[m[K’:
[01m[K/home/justin/ros2_ws/src/uav_traj_ros2/uav_traj_ros2/src/GridMap.cpp:10:32:[m[K [01;35m[Kwarning: [m[K‘[01m[K*<unknown>.Agent::z[m[K’ is used uninitialized in this function [[01;35m[K-Wuninitialized[m[K]
   10 |             double agent_radius[01;35m[K)[m[K
      |                                [01;35m[K^[m[K
[01m[K/home/justin/ros2_ws/src/uav_traj_ros2/uav_traj_ros2/src/GridMap.cpp:10:32:[m[K [01;35m[Kwarning: [m[K‘[01m[K*<unknown>.Agent::y[m[K’ is used uninitialized in this function [[01;35m[K-Wuninitialized[m[K]
[01m[K/home/justin/ros2_ws/src/uav_traj_ros2/uav_traj_ros2/src/GridMap.cpp:10:32:[m[K [01;35m[Kwarning: [m[K‘[01m[K*<unknown>.Agent::x[m[K’ is used uninitialized in this function [[01;35m[K-Wuninitialized[m[K]
In file included from [01m[K/home/justin/ros2_ws/src/uav_traj_ros2/uav_traj_ros2/include/Astar.h:10[m[K,
                 from [01m[K/home/justin/ros2_ws/src/uav_traj_ros2/uav_traj_ros2/src/Astar.cpp:1[m[K:
[01m[K/home/justin/ros2_ws/src/uav_traj_ros2/uav_traj_ros2/include/PositionVector.h:52:9:[m[K [01;35m[Kwarning: [m[Ktype qualifiers ignored on function return type [[01;35m[K-Wignored-qualifiers[m[K]
   52 |         [01;35m[Kconst[m[K double getThetaDg() {return theta_dg;}
      |         [01;35m[K^~~~~[m[K
[01m[K/home/justin/ros2_ws/src/uav_traj_ros2/uav_traj_ros2/include/PositionVector.h:53:9:[m[K [01;35m[Kwarning: [m[Ktype qualifiers ignored on function return type [[01;35m[K-Wignored-qualifiers[m[K]
   53 |         [01;35m[Kconst[m[K double getPsiDg() {return psi_dg;}
      |         [01;35m[K^~~~~[m[K
In file included from [01m[K/home/justin/ros2_ws/src/uav_traj_ros2/uav_traj_ros2/include/Astar.h:10[m[K,
                 from [01m[K/home/justin/ros2_ws/src/uav_traj_ros2/uav_traj_ros2/src/Astar.cpp:1[m[K:
[01m[K/home/justin/ros2_ws/src/uav_traj_ros2/uav_traj_ros2/include/PositionVector.h:52:9:[m[K [01;35m[Kwarning: [m[Ktype qualifiers ignored on function return type [[01;35m[K-Wignored-qualifiers[m[K]
   52 |         [01;35m[Kconst[m[K double getThetaDg() {return theta_dg;}
      |         [01;35m[K^~~~~[m[K
[01m[K/home/justin/ros2_ws/src/uav_traj_ros2/uav_traj_ros2/include/PositionVector.h:53:9:[m[K [01;35m[Kwarning: [m[Ktype qualifiers ignored on function return type [[01;35m[K-Wignored-qualifiers[m[K]
   53 |         [01;35m[Kconst[m[K double getPsiDg() {return psi_dg;}
      |         [01;35m[K^~~~~[m[K
[01m[K/home/justin/ros2_ws/src/uav_traj_ros2/uav_traj_ros2/src/Astar.cpp:15:2:[m[K [01;35m[Kwarning: [m[Kextra ‘[01m[K;[m[K’ [[01;35m[K-Wpedantic[m[K]
   15 | }[01;35m[K;[m[K
      |  [01;35m[K^[m[K
[01m[K/home/justin/ros2_ws/src/uav_traj_ros2/uav_traj_ros2/src/Astar.cpp:[m[K In member function ‘[01m[Kvoid FWNode::setDirectionVec()[m[K’:
[01m[K/home/justin/ros2_ws/src/uav_traj_ros2/uav_traj_ros2/src/Astar.cpp:22:15:[m[K [01;35m[Kwarning: [m[Kunused variable ‘[01m[Kmag_direction[m[K’ [[01;35m[K-Wunused-variable[m[K]
   22 |         float [01;35m[Kmag_direction[m[K = sqrt((direction_vec.x * direction_vec.x) +
      |               [01;35m[K^~~~~~~~~~~~~[m[K
[01m[K/home/justin/ros2_ws/src/uav_traj_ros2/uav_traj_ros2/scripts/main_sas.cpp:[m[K In function ‘[01m[Kint main()[m[K’:
[01m[K/home/justin/ros2_ws/src/uav_traj_ros2/uav_traj_ros2/scripts/main_sas.cpp:67:19:[m[K [01;35m[Kwarning: [m[Kunused variable ‘[01m[Kobstacle[m[K’ [[01;35m[K-Wunused-variable[m[K]
   67 |         Obstacle *[01;35m[Kobstacle[m[K = new Obstacle(x, y, z,
      |                   [01;35m[K^~~~~~~~[m[K
[01m[K/home/justin/ros2_ws/src/uav_traj_ros2/uav_traj_ros2/src/Astar.cpp:15:2:[m[K [01;35m[Kwarning: [m[Kextra ‘[01m[K;[m[K’ [[01;35m[K-Wpedantic[m[K]
   15 | }[01;35m[K;[m[K
      |  [01;35m[K^[m[K
[01m[K/home/justin/ros2_ws/src/uav_traj_ros2/uav_traj_ros2/src/Astar.cpp:[m[K In member function ‘[01m[Kvoid FWNode::setDirectionVec()[m[K’:
[01m[K/home/justin/ros2_ws/src/uav_traj_ros2/uav_traj_ros2/src/Astar.cpp:22:15:[m[K [01;35m[Kwarning: [m[Kunused variable ‘[01m[Kmag_direction[m[K’ [[01;35m[K-Wunused-variable[m[K]
   22 |         float [01;35m[Kmag_direction[m[K = sqrt((direction_vec.x * direction_vec.x) +
      |               [01;35m[K^~~~~~~~~~~~~[m[K
[01m[K/home/justin/ros2_ws/src/uav_traj_ros2/uav_traj_ros2/src/Astar.cpp:[m[K In member function ‘[01m[Kstd::vector<StateInfo> SparseAstar::searchPath()[m[K’:
[01m[K/home/justin/ros2_ws/src/uav_traj_ros2/uav_traj_ros2/src/Astar.cpp:339:5:[m[K [01;31m[Kerror: [m[K‘[01m[KinitializeNodes[m[K’ was not declared in this scope
  339 |     [01;31m[KinitializeNodes[m[K();
      |     [01;31m[K^~~~~~~~~~~~~~~[m[K
[01m[K/home/justin/ros2_ws/src/uav_traj_ros2/uav_traj_ros2/src/Astar.cpp:[m[K At global scope:
[01m[K/home/justin/ros2_ws/src/uav_traj_ros2/uav_traj_ros2/src/Astar.cpp:469:6:[m[K [01;31m[Kerror: [m[Kno declaration matches ‘[01m[Kvoid SparseAstar::initializeNodes()[m[K’
  469 | void [01;31m[KSparseAstar[m[K::initializeNodes()
      |      [01;31m[K^~~~~~~~~~~[m[K
[01m[K/home/justin/ros2_ws/src/uav_traj_ros2/uav_traj_ros2/src/Astar.cpp:469:6:[m[K [01;36m[Knote: [m[Kno functions named ‘[01m[Kvoid SparseAstar::initializeNodes()[m[K’
In file included from [01m[K/home/justin/ros2_ws/src/uav_traj_ros2/uav_traj_ros2/src/Astar.cpp:1[m[K:
[01m[K/home/justin/ros2_ws/src/uav_traj_ros2/uav_traj_ros2/include/Astar.h:218:7:[m[K [01;36m[Knote: [m[K‘[01m[Kclass SparseAstar[m[K’ defined here
  218 | class [01;36m[KSparseAstar[m[K
      |       [01;36m[K^~~~~~~~~~~[m[K
[01m[K/home/justin/ros2_ws/src/uav_traj_ros2/uav_traj_ros2/src/Astar.cpp:[m[K In member function ‘[01m[Kstd::vector<StateInfo> SparseAstar::searchPath()[m[K’:
[01m[K/home/justin/ros2_ws/src/uav_traj_ros2/uav_traj_ros2/src/Astar.cpp:339:5:[m[K [01;31m[Kerror: [m[K‘[01m[KinitializeNodes[m[K’ was not declared in this scope
  339 |     [01;31m[KinitializeNodes[m[K();
      |     [01;31m[K^~~~~~~~~~~~~~~[m[K
[01m[K/home/justin/ros2_ws/src/uav_traj_ros2/uav_traj_ros2/src/Astar.cpp:[m[K At global scope:
[01m[K/home/justin/ros2_ws/src/uav_traj_ros2/uav_traj_ros2/src/Astar.cpp:469:6:[m[K [01;31m[Kerror: [m[Kno declaration matches ‘[01m[Kvoid SparseAstar::initializeNodes()[m[K’
  469 | void [01;31m[KSparseAstar[m[K::initializeNodes()
      |      [01;31m[K^~~~~~~~~~~[m[K
[01m[K/home/justin/ros2_ws/src/uav_traj_ros2/uav_traj_ros2/src/Astar.cpp:469:6:[m[K [01;36m[Knote: [m[Kno functions named ‘[01m[Kvoid SparseAstar::initializeNodes()[m[K’
In file included from [01m[K/home/justin/ros2_ws/src/uav_traj_ros2/uav_traj_ros2/src/Astar.cpp:1[m[K:
[01m[K/home/justin/ros2_ws/src/uav_traj_ros2/uav_traj_ros2/include/Astar.h:218:7:[m[K [01;36m[Knote: [m[K‘[01m[Kclass SparseAstar[m[K’ defined here
  218 | class [01;36m[KSparseAstar[m[K
      |       [01;36m[K^~~~~~~~~~~[m[K
make[2]: *** [CMakeFiles/sas_main.dir/build.make:63: CMakeFiles/sas_main.dir/src/Astar.cpp.o] Error 1
make[1]: *** [CMakeFiles/Makefile2:136: CMakeFiles/sas_main.dir/all] Error 2
make[1]: *** Waiting for unfinished jobs....
make[2]: *** [CMakeFiles/global_planner_node.dir/build.make:63: CMakeFiles/global_planner_node.dir/src/Astar.cpp.o] Error 1
make[2]: *** Waiting for unfinished jobs....
In file included from [01m[K/home/justin/ros2_ws/src/uav_traj_ros2/uav_traj_ros2/include/Astar.h:10[m[K,
                 from [01m[K/home/justin/ros2_ws/src/uav_traj_ros2/uav_traj_ros2/include/GlobalPlanner.h:8[m[K,
                 from [01m[K/home/justin/ros2_ws/src/uav_traj_ros2/uav_traj_ros2/scripts/global_planner_node.cpp:2[m[K:
[01m[K/home/justin/ros2_ws/src/uav_traj_ros2/uav_traj_ros2/include/PositionVector.h:52:9:[m[K [01;35m[Kwarning: [m[Ktype qualifiers ignored on function return type [[01;35m[K-Wignored-qualifiers[m[K]
   52 |         [01;35m[Kconst[m[K double getThetaDg() {return theta_dg;}
      |         [01;35m[K^~~~~[m[K
[01m[K/home/justin/ros2_ws/src/uav_traj_ros2/uav_traj_ros2/include/PositionVector.h:53:9:[m[K [01;35m[Kwarning: [m[Ktype qualifiers ignored on function return type [[01;35m[K-Wignored-qualifiers[m[K]
   53 |         [01;35m[Kconst[m[K double getPsiDg() {return psi_dg;}
      |         [01;35m[K^~~~~[m[K
In file included from [01m[K/home/justin/ros2_ws/src/uav_traj_ros2/uav_traj_ros2/include/Astar.h:10[m[K,
                 from [01m[K/home/justin/ros2_ws/src/uav_traj_ros2/uav_traj_ros2/include/GlobalPlanner.h:8[m[K,
                 from [01m[K/home/justin/ros2_ws/src/uav_traj_ros2/uav_traj_ros2/src/GlobalPlanner.cpp:1[m[K:
[01m[K/home/justin/ros2_ws/src/uav_traj_ros2/uav_traj_ros2/include/PositionVector.h:52:9:[m[K [01;35m[Kwarning: [m[Ktype qualifiers ignored on function return type [[01;35m[K-Wignored-qualifiers[m[K]
   52 |         [01;35m[Kconst[m[K double getThetaDg() {return theta_dg;}
      |         [01;35m[K^~~~~[m[K
[01m[K/home/justin/ros2_ws/src/uav_traj_ros2/uav_traj_ros2/include/PositionVector.h:53:9:[m[K [01;35m[Kwarning: [m[Ktype qualifiers ignored on function return type [[01;35m[K-Wignored-qualifiers[m[K]
   53 |         [01;35m[Kconst[m[K double getPsiDg() {return psi_dg;}
      |         [01;35m[K^~~~~[m[K
make[1]: *** [CMakeFiles/Makefile2:82: CMakeFiles/global_planner_node.dir/all] Error 2
make: *** [Makefile:141: all] Error 2
