-- The C compiler identification is GNU 9.4.0
-- The CXX compiler identification is GNU 9.4.0
-- Check for working C compiler: /usr/bin/cc
-- Check for working C compiler: /usr/bin/cc -- works
-- Detecting C compiler ABI info
-- Detecting C compiler ABI info - done
-- Detecting C compile features
-- Detecting C compile features - done
-- Check for working CXX compiler: /usr/bin/c++
-- Check for working CXX compiler: /usr/bin/c++ -- works
-- Detecting CXX compiler ABI info
-- Detecting CXX compiler ABI info - done
-- Detecting CXX compile features
-- Detecting CXX compile features - done
-- Found ament_cmake: 0.9.11 (/opt/ros/foxy/share/ament_cmake/cmake)
-- Found PythonInterp: /usr/bin/python3 (found suitable version "3.8.10", minimum required is "3") 
-- Using PYTHON_EXECUTABLE: /usr/bin/python3
-- Override CMake install command with custom implementation using symlinks instead of copying resources
-- Found rclcpp: 2.4.2 (/opt/ros/foxy/share/rclcpp/cmake)
-- Using all available rosidl_typesupport_c: rosidl_typesupport_fastrtps_c;rosidl_typesupport_introspection_c
-- Found rosidl_adapter: 1.3.0 (/opt/ros/foxy/share/rosidl_adapter/cmake)
-- Found OpenSSL: /usr/lib/x86_64-linux-gnu/libcrypto.so (found version "1.1.1f")  
-- Found FastRTPS: /opt/ros/foxy/include  
-- Using all available rosidl_typesupport_cpp: rosidl_typesupport_fastrtps_cpp;rosidl_typesupport_introspection_cpp
-- Found rmw_implementation_cmake: 1.0.3 (/opt/ros/foxy/share/rmw_implementation_cmake/cmake)
-- Using RMW implementation 'rmw_fastrtps_cpp' as default
-- Looking for pthread.h
-- Looking for pthread.h - found
-- Performing Test CMAKE_HAVE_LIBC_PTHREAD
-- Performing Test CMAKE_HAVE_LIBC_PTHREAD - Failed
-- Looking for pthread_create in pthreads
-- Looking for pthread_create in pthreads - not found
-- Looking for pthread_create in pthread
-- Looking for pthread_create in pthread - found
-- Found Threads: TRUE  
-- Found rclpy: 1.0.11 (/opt/ros/foxy/share/rclpy/cmake)
-- Found geometry_msgs: 2.0.5 (/opt/ros/foxy/share/geometry_msgs/cmake)
-- Found drone_interfaces: 0.0.0 (/home/justin/ros2_ws/install/drone_interfaces/share/drone_interfaces/cmake)
-- Found visualization_msgs: 2.0.5 (/opt/ros/foxy/share/visualization_msgs/cmake)
-- Found rosidl_default_generators: 1.0.1 (/opt/ros/foxy/share/rosidl_default_generators/cmake)
-- Configuring done
-- Generating done
-- Build files have been written to: /home/justin/ros2_ws/src/uav_traj_ros2/build/uav_traj_ros2
[35m[1mScanning dependencies of target sas_main[0m
[35m[1mScanning dependencies of target global_planner_node[0m
[35m[1mScanning dependencies of target main_node[0m
[ 21%] [32mBuilding CXX object CMakeFiles/sas_main.dir/scripts/main_sas.cpp.o[0m
[ 21%] [32mBuilding CXX object CMakeFiles/sas_main.dir/src/PositionVector.cpp.o[0m
[ 21%] [32mBuilding CXX object CMakeFiles/sas_main.dir/src/Astar.cpp.o[0m
[ 28%] [32mBuilding CXX object CMakeFiles/sas_main.dir/src/GridMap.cpp.o[0m
[ 50%] [32mBuilding CXX object CMakeFiles/global_planner_node.dir/src/GridMap.cpp.o[0m
[ 50%] [32mBuilding CXX object CMakeFiles/global_planner_node.dir/src/PositionVector.cpp.o[0m
[ 50%] [32mBuilding CXX object CMakeFiles/global_planner_node.dir/src/Astar.cpp.o[0m
[ 71%] [32mBuilding CXX object CMakeFiles/global_planner_node.dir/src/GlobalPlanner.cpp.o[0m
[ 71%] [32mBuilding CXX object CMakeFiles/main_node.dir/scripts/use_library.cpp.o[0m
[ 71%] [32mBuilding CXX object CMakeFiles/main_node.dir/src/publisher_library.cpp.o[0m
[ 78%] [32mBuilding CXX object CMakeFiles/global_planner_node.dir/scripts/global_planner_node.cpp.o[0m
[ 85%] [32m[1mLinking CXX executable main_node[0m
[ 85%] Built target main_node
