-- The C compiler identification is GNU 9.4.0
-- The CXX compiler identification is GNU 9.4.0
-- Check for working C compiler: /usr/bin/cc
-- Check for working C compiler: /usr/bin/cc -- works
-- Detecting C compiler ABI info
-- Detecting C compiler ABI info - done
-- Detecting C compile features
-- Detecting C compile features - done
-- Check for working CXX compiler: /usr/bin/c++
-- Check for working CXX compiler: /usr/bin/c++ -- works
-- Detecting CXX compiler ABI info
-- Detecting CXX compiler ABI info - done
-- Detecting CXX compile features
-- Detecting CXX compile features - done
-- Found ament_cmake: 0.9.11 (/opt/ros/foxy/share/ament_cmake/cmake)
-- Found PythonInterp: /usr/bin/python3 (found suitable version "3.8.10", minimum required is "3") 
-- Using PYTHON_EXECUTABLE: /usr/bin/python3
-- Override CMake install command with custom implementation using symlinks instead of copying resources
-- Found rclcpp: 2.4.2 (/opt/ros/foxy/share/rclcpp/cmake)
-- Using all available rosidl_typesupport_c: rosidl_typesupport_fastrtps_c;rosidl_typesupport_introspection_c
-- Found rosidl_adapter: 1.3.0 (/opt/ros/foxy/share/rosidl_adapter/cmake)
-- Found OpenSSL: /usr/lib/x86_64-linux-gnu/libcrypto.so (found version "1.1.1f")  
-- Found FastRTPS: /opt/ros/foxy/include  
-- Using all available rosidl_typesupport_cpp: rosidl_typesupport_fastrtps_cpp;rosidl_typesupport_introspection_cpp
-- Found rmw_implementation_cmake: 1.0.3 (/opt/ros/foxy/share/rmw_implementation_cmake/cmake)
-- Using RMW implementation 'rmw_fastrtps_cpp' as default
-- Looking for pthread.h
-- Looking for pthread.h - found
-- Performing Test CMAKE_HAVE_LIBC_PTHREAD
-- Performing Test CMAKE_HAVE_LIBC_PTHREAD - Failed
-- Looking for pthread_create in pthreads
-- Looking for pthread_create in pthreads - not found
-- Looking for pthread_create in pthread
-- Looking for pthread_create in pthread - found
-- Found Threads: TRUE  
-- Found rclpy: 1.0.11 (/opt/ros/foxy/share/rclpy/cmake)
-- Found geometry_msgs: 2.0.5 (/opt/ros/foxy/share/geometry_msgs/cmake)
-- Found drone_interfaces: 0.0.0 (/home/justin/ros2_ws/install/drone_interfaces/share/drone_interfaces/cmake)
-- Found visualization_msgs: 2.0.5 (/opt/ros/foxy/share/visualization_msgs/cmake)
-- Found rosidl_default_generators: 1.0.1 (/opt/ros/foxy/share/rosidl_default_generators/cmake)
-- Configuring done
-- Generating done
-- Build files have been written to: /home/justin/ros2_ws/src/uav_traj_ros2/build/uav_traj_ros2
[35m[1mScanning dependencies of target sas_main[0m
[35m[1mScanning dependencies of target global_planner_node[0m
[35m[1mScanning dependencies of target main_node[0m
[ 21%] [32mBuilding CXX object CMakeFiles/sas_main.dir/scripts/main_sas.cpp.o[0m
[ 21%] [32mBuilding CXX object CMakeFiles/sas_main.dir/src/PositionVector.cpp.o[0m
[ 21%] [32mBuilding CXX object CMakeFiles/sas_main.dir/src/Astar.cpp.o[0m
[ 28%] [32mBuilding CXX object CMakeFiles/sas_main.dir/src/GridMap.cpp.o[0m
[ 50%] [32mBuilding CXX object CMakeFiles/global_planner_node.dir/src/GridMap.cpp.o[0m
[ 50%] [32mBuilding CXX object CMakeFiles/global_planner_node.dir/src/PositionVector.cpp.o[0m
[ 50%] [32mBuilding CXX object CMakeFiles/global_planner_node.dir/src/Astar.cpp.o[0m
[ 71%] [32mBuilding CXX object CMakeFiles/global_planner_node.dir/src/GlobalPlanner.cpp.o[0m
[ 71%] [32mBuilding CXX object CMakeFiles/main_node.dir/scripts/use_library.cpp.o[0m
[ 71%] [32mBuilding CXX object CMakeFiles/main_node.dir/src/publisher_library.cpp.o[0m
[ 78%] [32mBuilding CXX object CMakeFiles/global_planner_node.dir/scripts/global_planner_node.cpp.o[0m
In file included from [01m[K/home/justin/ros2_ws/src/uav_traj_ros2/uav_traj_ros2/include/GridMap.h:5[m[K,
                 from [01m[K/home/justin/ros2_ws/src/uav_traj_ros2/uav_traj_ros2/src/GridMap.cpp:1[m[K:
[01m[K/home/justin/ros2_ws/src/uav_traj_ros2/uav_traj_ros2/include/PositionVector.h:52:9:[m[K [01;35m[Kwarning: [m[Ktype qualifiers ignored on function return type [[01;35m[K-Wignored-qualifiers[m[K]
   52 |         [01;35m[Kconst[m[K double getThetaDg() {return theta_dg;}
      |         [01;35m[K^~~~~[m[K
[01m[K/home/justin/ros2_ws/src/uav_traj_ros2/uav_traj_ros2/include/PositionVector.h:53:9:[m[K [01;35m[Kwarning: [m[Ktype qualifiers ignored on function return type [[01;35m[K-Wignored-qualifiers[m[K]
   53 |         [01;35m[Kconst[m[K double getPsiDg() {return psi_dg;}
      |         [01;35m[K^~~~~[m[K
In file included from [01m[K/home/justin/ros2_ws/src/uav_traj_ros2/uav_traj_ros2/src/PositionVector.cpp:1[m[K:
[01m[K/home/justin/ros2_ws/src/uav_traj_ros2/uav_traj_ros2/include/PositionVector.h:52:9:[m[K [01;35m[Kwarning: [m[Ktype qualifiers ignored on function return type [[01;35m[K-Wignored-qualifiers[m[K]
   52 |         [01;35m[Kconst[m[K double getThetaDg() {return theta_dg;}
      |         [01;35m[K^~~~~[m[K
[01m[K/home/justin/ros2_ws/src/uav_traj_ros2/uav_traj_ros2/include/PositionVector.h:53:9:[m[K [01;35m[Kwarning: [m[Ktype qualifiers ignored on function return type [[01;35m[K-Wignored-qualifiers[m[K]
   53 |         [01;35m[Kconst[m[K double getPsiDg() {return psi_dg;}
      |         [01;35m[K^~~~~[m[K
In file included from [01m[K/home/justin/ros2_ws/src/uav_traj_ros2/uav_traj_ros2/include/GridMap.h:5[m[K,
                 from [01m[K/home/justin/ros2_ws/src/uav_traj_ros2/uav_traj_ros2/src/GridMap.cpp:1[m[K:
[01m[K/home/justin/ros2_ws/src/uav_traj_ros2/uav_traj_ros2/include/PositionVector.h:52:9:[m[K [01;35m[Kwarning: [m[Ktype qualifiers ignored on function return type [[01;35m[K-Wignored-qualifiers[m[K]
   52 |         [01;35m[Kconst[m[K double getThetaDg() {return theta_dg;}
      |         [01;35m[K^~~~~[m[K
[01m[K/home/justin/ros2_ws/src/uav_traj_ros2/uav_traj_ros2/include/PositionVector.h:53:9:[m[K [01;35m[Kwarning: [m[Ktype qualifiers ignored on function return type [[01;35m[K-Wignored-qualifiers[m[K]
   53 |         [01;35m[Kconst[m[K double getPsiDg() {return psi_dg;}
      |         [01;35m[K^~~~~[m[K
[01m[K/home/justin/ros2_ws/src/uav_traj_ros2/uav_traj_ros2/src/GridMap.cpp:[m[K In member function ‘[01m[Kbool GridMap::isInsideObstacles(PositionVector, float)[m[K’:
[01m[K/home/justin/ros2_ws/src/uav_traj_ros2/uav_traj_ros2/src/GridMap.cpp:249:64:[m[K [01;35m[Kwarning: [m[Kunused parameter ‘[01m[Kradius[m[K’ [[01;35m[K-Wunused-parameter[m[K]
  249 | bool GridMap::isInsideObstacles(PositionVector position, [01;35m[Kfloat radius[m[K)
      |                                                          [01;35m[K~~~~~~^~~~~~[m[K
In file included from [01m[K/home/justin/ros2_ws/src/uav_traj_ros2/uav_traj_ros2/src/PositionVector.cpp:1[m[K:
[01m[K/home/justin/ros2_ws/src/uav_traj_ros2/uav_traj_ros2/include/PositionVector.h:52:9:[m[K [01;35m[Kwarning: [m[Ktype qualifiers ignored on function return type [[01;35m[K-Wignored-qualifiers[m[K]
   52 |         [01;35m[Kconst[m[K double getThetaDg() {return theta_dg;}
      |         [01;35m[K^~~~~[m[K
[01m[K/home/justin/ros2_ws/src/uav_traj_ros2/uav_traj_ros2/include/PositionVector.h:53:9:[m[K [01;35m[Kwarning: [m[Ktype qualifiers ignored on function return type [[01;35m[K-Wignored-qualifiers[m[K]
   53 |         [01;35m[Kconst[m[K double getPsiDg() {return psi_dg;}
      |         [01;35m[K^~~~~[m[K
[01m[K/home/justin/ros2_ws/src/uav_traj_ros2/uav_traj_ros2/src/GridMap.cpp:[m[K In member function ‘[01m[Kbool GridMap::isInsideObstacles(PositionVector, float)[m[K’:
[01m[K/home/justin/ros2_ws/src/uav_traj_ros2/uav_traj_ros2/src/GridMap.cpp:249:64:[m[K [01;35m[Kwarning: [m[Kunused parameter ‘[01m[Kradius[m[K’ [[01;35m[K-Wunused-parameter[m[K]
  249 | bool GridMap::isInsideObstacles(PositionVector position, [01;35m[Kfloat radius[m[K)
      |                                                          [01;35m[K~~~~~~^~~~~~[m[K
[01m[K/home/justin/ros2_ws/src/uav_traj_ros2/uav_traj_ros2/src/GridMap.cpp:[m[K In constructor ‘[01m[KAgent::Agent(int, int, int, int, int, int, double)[m[K’:
[01m[K/home/justin/ros2_ws/src/uav_traj_ros2/uav_traj_ros2/src/GridMap.cpp:10:32:[m[K [01;35m[Kwarning: [m[K‘[01m[K*<unknown>.Agent::z[m[K’ is used uninitialized in this function [[01;35m[K-Wuninitialized[m[K]
   10 |             double agent_radius[01;35m[K)[m[K
      |                                [01;35m[K^[m[K
[01m[K/home/justin/ros2_ws/src/uav_traj_ros2/uav_traj_ros2/src/GridMap.cpp:10:32:[m[K [01;35m[Kwarning: [m[K‘[01m[K*<unknown>.Agent::y[m[K’ is used uninitialized in this function [[01;35m[K-Wuninitialized[m[K]
[01m[K/home/justin/ros2_ws/src/uav_traj_ros2/uav_traj_ros2/src/GridMap.cpp:10:32:[m[K [01;35m[Kwarning: [m[K‘[01m[K*<unknown>.Agent::x[m[K’ is used uninitialized in this function [[01;35m[K-Wuninitialized[m[K]
In file included from [01m[K/home/justin/ros2_ws/src/uav_traj_ros2/uav_traj_ros2/include/Astar.h:10[m[K,
                 from [01m[K/home/justin/ros2_ws/src/uav_traj_ros2/uav_traj_ros2/scripts/main_sas.cpp:5[m[K:
[01m[K/home/justin/ros2_ws/src/uav_traj_ros2/uav_traj_ros2/include/PositionVector.h:52:9:[m[K [01;35m[Kwarning: [m[Ktype qualifiers ignored on function return type [[01;35m[K-Wignored-qualifiers[m[K]
   52 |         [01;35m[Kconst[m[K double getThetaDg() {return theta_dg;}
      |         [01;35m[K^~~~~[m[K
[01m[K/home/justin/ros2_ws/src/uav_traj_ros2/uav_traj_ros2/include/PositionVector.h:53:9:[m[K [01;35m[Kwarning: [m[Ktype qualifiers ignored on function return type [[01;35m[K-Wignored-qualifiers[m[K]
   53 |         [01;35m[Kconst[m[K double getPsiDg() {return psi_dg;}
      |         [01;35m[K^~~~~[m[K
[01m[K/home/justin/ros2_ws/src/uav_traj_ros2/uav_traj_ros2/src/GridMap.cpp:[m[K In constructor ‘[01m[KAgent::Agent(int, int, int, int, int, int, double)[m[K’:
[01m[K/home/justin/ros2_ws/src/uav_traj_ros2/uav_traj_ros2/src/GridMap.cpp:10:32:[m[K [01;35m[Kwarning: [m[K‘[01m[K*<unknown>.Agent::z[m[K’ is used uninitialized in this function [[01;35m[K-Wuninitialized[m[K]
   10 |             double agent_radius[01;35m[K)[m[K
      |                                [01;35m[K^[m[K
[01m[K/home/justin/ros2_ws/src/uav_traj_ros2/uav_traj_ros2/src/GridMap.cpp:10:32:[m[K [01;35m[Kwarning: [m[K‘[01m[K*<unknown>.Agent::y[m[K’ is used uninitialized in this function [[01;35m[K-Wuninitialized[m[K]
[01m[K/home/justin/ros2_ws/src/uav_traj_ros2/uav_traj_ros2/src/GridMap.cpp:10:32:[m[K [01;35m[Kwarning: [m[K‘[01m[K*<unknown>.Agent::x[m[K’ is used uninitialized in this function [[01;35m[K-Wuninitialized[m[K]
In file included from [01m[K/home/justin/ros2_ws/src/uav_traj_ros2/uav_traj_ros2/include/Astar.h:10[m[K,
                 from [01m[K/home/justin/ros2_ws/src/uav_traj_ros2/uav_traj_ros2/src/Astar.cpp:1[m[K:
[01m[K/home/justin/ros2_ws/src/uav_traj_ros2/uav_traj_ros2/include/PositionVector.h:52:9:[m[K [01;35m[Kwarning: [m[Ktype qualifiers ignored on function return type [[01;35m[K-Wignored-qualifiers[m[K]
   52 |         [01;35m[Kconst[m[K double getThetaDg() {return theta_dg;}
      |         [01;35m[K^~~~~[m[K
[01m[K/home/justin/ros2_ws/src/uav_traj_ros2/uav_traj_ros2/include/PositionVector.h:53:9:[m[K [01;35m[Kwarning: [m[Ktype qualifiers ignored on function return type [[01;35m[K-Wignored-qualifiers[m[K]
   53 |         [01;35m[Kconst[m[K double getPsiDg() {return psi_dg;}
      |         [01;35m[K^~~~~[m[K
In file included from [01m[K/home/justin/ros2_ws/src/uav_traj_ros2/uav_traj_ros2/include/Astar.h:10[m[K,
                 from [01m[K/home/justin/ros2_ws/src/uav_traj_ros2/uav_traj_ros2/src/Astar.cpp:1[m[K:
[01m[K/home/justin/ros2_ws/src/uav_traj_ros2/uav_traj_ros2/include/PositionVector.h:52:9:[m[K [01;35m[Kwarning: [m[Ktype qualifiers ignored on function return type [[01;35m[K-Wignored-qualifiers[m[K]
   52 |         [01;35m[Kconst[m[K double getThetaDg() {return theta_dg;}
      |         [01;35m[K^~~~~[m[K
[01m[K/home/justin/ros2_ws/src/uav_traj_ros2/uav_traj_ros2/include/PositionVector.h:53:9:[m[K [01;35m[Kwarning: [m[Ktype qualifiers ignored on function return type [[01;35m[K-Wignored-qualifiers[m[K]
   53 |         [01;35m[Kconst[m[K double getPsiDg() {return psi_dg;}
      |         [01;35m[K^~~~~[m[K
[01m[K/home/justin/ros2_ws/src/uav_traj_ros2/uav_traj_ros2/src/Astar.cpp:15:2:[m[K [01;35m[Kwarning: [m[Kextra ‘[01m[K;[m[K’ [[01;35m[K-Wpedantic[m[K]
   15 | }[01;35m[K;[m[K
      |  [01;35m[K^[m[K
[01m[K/home/justin/ros2_ws/src/uav_traj_ros2/uav_traj_ros2/src/Astar.cpp:[m[K In member function ‘[01m[Kvoid FWNode::setDirectionVec()[m[K’:
[01m[K/home/justin/ros2_ws/src/uav_traj_ros2/uav_traj_ros2/src/Astar.cpp:22:15:[m[K [01;35m[Kwarning: [m[Kunused variable ‘[01m[Kmag_direction[m[K’ [[01;35m[K-Wunused-variable[m[K]
   22 |         float [01;35m[Kmag_direction[m[K = sqrt((direction_vec.x * direction_vec.x) +
      |               [01;35m[K^~~~~~~~~~~~~[m[K
[01m[K/home/justin/ros2_ws/src/uav_traj_ros2/uav_traj_ros2/scripts/main_sas.cpp:[m[K In function ‘[01m[Kint main()[m[K’:
[01m[K/home/justin/ros2_ws/src/uav_traj_ros2/uav_traj_ros2/scripts/main_sas.cpp:67:19:[m[K [01;35m[Kwarning: [m[Kunused variable ‘[01m[Kobstacle[m[K’ [[01;35m[K-Wunused-variable[m[K]
   67 |         Obstacle *[01;35m[Kobstacle[m[K = new Obstacle(x, y, z,
      |                   [01;35m[K^~~~~~~~[m[K
[01m[K/home/justin/ros2_ws/src/uav_traj_ros2/uav_traj_ros2/src/Astar.cpp:15:2:[m[K [01;35m[Kwarning: [m[Kextra ‘[01m[K;[m[K’ [[01;35m[K-Wpedantic[m[K]
   15 | }[01;35m[K;[m[K
      |  [01;35m[K^[m[K
[01m[K/home/justin/ros2_ws/src/uav_traj_ros2/uav_traj_ros2/src/Astar.cpp:[m[K In member function ‘[01m[Kvoid FWNode::setDirectionVec()[m[K’:
[01m[K/home/justin/ros2_ws/src/uav_traj_ros2/uav_traj_ros2/src/Astar.cpp:22:15:[m[K [01;35m[Kwarning: [m[Kunused variable ‘[01m[Kmag_direction[m[K’ [[01;35m[K-Wunused-variable[m[K]
   22 |         float [01;35m[Kmag_direction[m[K = sqrt((direction_vec.x * direction_vec.x) +
      |               [01;35m[K^~~~~~~~~~~~~[m[K
[01m[K/home/justin/ros2_ws/src/uav_traj_ros2/uav_traj_ros2/src/Astar.cpp:[m[K In member function ‘[01m[Kstd::vector<StateInfo> SparseAstar::searchPath()[m[K’:
[01m[K/home/justin/ros2_ws/src/uav_traj_ros2/uav_traj_ros2/src/Astar.cpp:339:5:[m[K [01;31m[Kerror: [m[K‘[01m[KinitializeNodes[m[K’ was not declared in this scope
  339 |     [01;31m[KinitializeNodes[m[K();
      |     [01;31m[K^~~~~~~~~~~~~~~[m[K
[01m[K/home/justin/ros2_ws/src/uav_traj_ros2/uav_traj_ros2/src/Astar.cpp:[m[K At global scope:
[01m[K/home/justin/ros2_ws/src/uav_traj_ros2/uav_traj_ros2/src/Astar.cpp:469:6:[m[K [01;31m[Kerror: [m[Kno declaration matches ‘[01m[Kvoid SparseAstar::initializeNodes()[m[K’
  469 | void [01;31m[KSparseAstar[m[K::initializeNodes()
      |      [01;31m[K^~~~~~~~~~~[m[K
[01m[K/home/justin/ros2_ws/src/uav_traj_ros2/uav_traj_ros2/src/Astar.cpp:469:6:[m[K [01;36m[Knote: [m[Kno functions named ‘[01m[Kvoid SparseAstar::initializeNodes()[m[K’
In file included from [01m[K/home/justin/ros2_ws/src/uav_traj_ros2/uav_traj_ros2/src/Astar.cpp:1[m[K:
[01m[K/home/justin/ros2_ws/src/uav_traj_ros2/uav_traj_ros2/include/Astar.h:218:7:[m[K [01;36m[Knote: [m[K‘[01m[Kclass SparseAstar[m[K’ defined here
  218 | class [01;36m[KSparseAstar[m[K
      |       [01;36m[K^~~~~~~~~~~[m[K
[01m[K/home/justin/ros2_ws/src/uav_traj_ros2/uav_traj_ros2/src/Astar.cpp:[m[K In member function ‘[01m[Kstd::vector<StateInfo> SparseAstar::searchPath()[m[K’:
[01m[K/home/justin/ros2_ws/src/uav_traj_ros2/uav_traj_ros2/src/Astar.cpp:339:5:[m[K [01;31m[Kerror: [m[K‘[01m[KinitializeNodes[m[K’ was not declared in this scope
  339 |     [01;31m[KinitializeNodes[m[K();
      |     [01;31m[K^~~~~~~~~~~~~~~[m[K
[01m[K/home/justin/ros2_ws/src/uav_traj_ros2/uav_traj_ros2/src/Astar.cpp:[m[K At global scope:
[01m[K/home/justin/ros2_ws/src/uav_traj_ros2/uav_traj_ros2/src/Astar.cpp:469:6:[m[K [01;31m[Kerror: [m[Kno declaration matches ‘[01m[Kvoid SparseAstar::initializeNodes()[m[K’
  469 | void [01;31m[KSparseAstar[m[K::initializeNodes()
      |      [01;31m[K^~~~~~~~~~~[m[K
[01m[K/home/justin/ros2_ws/src/uav_traj_ros2/uav_traj_ros2/src/Astar.cpp:469:6:[m[K [01;36m[Knote: [m[Kno functions named ‘[01m[Kvoid SparseAstar::initializeNodes()[m[K’
In file included from [01m[K/home/justin/ros2_ws/src/uav_traj_ros2/uav_traj_ros2/src/Astar.cpp:1[m[K:
[01m[K/home/justin/ros2_ws/src/uav_traj_ros2/uav_traj_ros2/include/Astar.h:218:7:[m[K [01;36m[Knote: [m[K‘[01m[Kclass SparseAstar[m[K’ defined here
  218 | class [01;36m[KSparseAstar[m[K
      |       [01;36m[K^~~~~~~~~~~[m[K
make[2]: *** [CMakeFiles/sas_main.dir/build.make:63: CMakeFiles/sas_main.dir/src/Astar.cpp.o] Error 1
make[1]: *** [CMakeFiles/Makefile2:136: CMakeFiles/sas_main.dir/all] Error 2
make[1]: *** Waiting for unfinished jobs....
make[2]: *** [CMakeFiles/global_planner_node.dir/build.make:63: CMakeFiles/global_planner_node.dir/src/Astar.cpp.o] Error 1
make[2]: *** Waiting for unfinished jobs....
In file included from [01m[K/home/justin/ros2_ws/src/uav_traj_ros2/uav_traj_ros2/include/Astar.h:10[m[K,
                 from [01m[K/home/justin/ros2_ws/src/uav_traj_ros2/uav_traj_ros2/include/GlobalPlanner.h:8[m[K,
                 from [01m[K/home/justin/ros2_ws/src/uav_traj_ros2/uav_traj_ros2/scripts/global_planner_node.cpp:2[m[K:
[01m[K/home/justin/ros2_ws/src/uav_traj_ros2/uav_traj_ros2/include/PositionVector.h:52:9:[m[K [01;35m[Kwarning: [m[Ktype qualifiers ignored on function return type [[01;35m[K-Wignored-qualifiers[m[K]
   52 |         [01;35m[Kconst[m[K double getThetaDg() {return theta_dg;}
      |         [01;35m[K^~~~~[m[K
[01m[K/home/justin/ros2_ws/src/uav_traj_ros2/uav_traj_ros2/include/PositionVector.h:53:9:[m[K [01;35m[Kwarning: [m[Ktype qualifiers ignored on function return type [[01;35m[K-Wignored-qualifiers[m[K]
   53 |         [01;35m[Kconst[m[K double getPsiDg() {return psi_dg;}
      |         [01;35m[K^~~~~[m[K
In file included from [01m[K/home/justin/ros2_ws/src/uav_traj_ros2/uav_traj_ros2/include/Astar.h:10[m[K,
                 from [01m[K/home/justin/ros2_ws/src/uav_traj_ros2/uav_traj_ros2/include/GlobalPlanner.h:8[m[K,
                 from [01m[K/home/justin/ros2_ws/src/uav_traj_ros2/uav_traj_ros2/src/GlobalPlanner.cpp:1[m[K:
[01m[K/home/justin/ros2_ws/src/uav_traj_ros2/uav_traj_ros2/include/PositionVector.h:52:9:[m[K [01;35m[Kwarning: [m[Ktype qualifiers ignored on function return type [[01;35m[K-Wignored-qualifiers[m[K]
   52 |         [01;35m[Kconst[m[K double getThetaDg() {return theta_dg;}
      |         [01;35m[K^~~~~[m[K
[01m[K/home/justin/ros2_ws/src/uav_traj_ros2/uav_traj_ros2/include/PositionVector.h:53:9:[m[K [01;35m[Kwarning: [m[Ktype qualifiers ignored on function return type [[01;35m[K-Wignored-qualifiers[m[K]
   53 |         [01;35m[Kconst[m[K double getPsiDg() {return psi_dg;}
      |         [01;35m[K^~~~~[m[K
[ 85%] [32m[1mLinking CXX executable main_node[0m
[ 85%] Built target main_node
make[1]: *** [CMakeFiles/Makefile2:82: CMakeFiles/global_planner_node.dir/all] Error 2
make: *** [Makefile:141: all] Error 2
