[0.019s] Invoking command in '/home/justin/ros2_ws/src/uav_traj_ros2/build/uav_traj_ros2': CMAKE_PREFIX_PATH=${CMAKE_PREFIX_PATH}:/opt/ros/foxy /usr/bin/cmake /home/justin/ros2_ws/src/uav_traj_ros2/uav_traj_ros2 -DAMENT_CMAKE_SYMLINK_INSTALL=1 -DCMAKE_INSTALL_PREFIX=/home/justin/ros2_ws/src/uav_traj_ros2/install/uav_traj_ros2
[0.067s] -- The C compiler identification is GNU 9.4.0
[0.111s] -- The CXX compiler identification is GNU 9.4.0
[0.115s] -- Check for working C compiler: /usr/bin/cc
[0.177s] -- Check for working C compiler: /usr/bin/cc -- works
[0.178s] -- Detecting C compiler ABI info
[0.242s] -- Detecting C compiler ABI info - done
[0.249s] -- Detecting C compile features
[0.250s] -- Detecting C compile features - done
[0.251s] -- Check for working CXX compiler: /usr/bin/c++
[0.323s] -- Check for working CXX compiler: /usr/bin/c++ -- works
[0.324s] -- Detecting CXX compiler ABI info
[0.392s] -- Detecting CXX compiler ABI info - done
[0.403s] -- Detecting CXX compile features
[0.403s] -- Detecting CXX compile features - done
[0.405s] -- Found ament_cmake: 0.9.11 (/opt/ros/foxy/share/ament_cmake/cmake)
[0.434s] -- Found PythonInterp: /usr/bin/python3 (found suitable version "3.8.10", minimum required is "3") 
[0.434s] -- Using PYTHON_EXECUTABLE: /usr/bin/python3
[0.675s] -- Override CMake install command with custom implementation using symlinks instead of copying resources
[0.699s] -- Found rclcpp: 2.4.2 (/opt/ros/foxy/share/rclcpp/cmake)
[0.750s] -- Using all available rosidl_typesupport_c: rosidl_typesupport_fastrtps_c;rosidl_typesupport_introspection_c
[0.756s] -- Found rosidl_adapter: 1.3.0 (/opt/ros/foxy/share/rosidl_adapter/cmake)
[0.838s] -- Found OpenSSL: /usr/lib/x86_64-linux-gnu/libcrypto.so (found version "1.1.1f")  
[0.865s] -- Found FastRTPS: /opt/ros/foxy/include  
[0.930s] -- Using all available rosidl_typesupport_cpp: rosidl_typesupport_fastrtps_cpp;rosidl_typesupport_introspection_cpp
[0.978s] -- Found rmw_implementation_cmake: 1.0.3 (/opt/ros/foxy/share/rmw_implementation_cmake/cmake)
[0.979s] -- Using RMW implementation 'rmw_fastrtps_cpp' as default
[0.980s] -- Looking for pthread.h
[1.043s] -- Looking for pthread.h - found
[1.043s] -- Performing Test CMAKE_HAVE_LIBC_PTHREAD
[1.105s] -- Performing Test CMAKE_HAVE_LIBC_PTHREAD - Failed
[1.105s] -- Looking for pthread_create in pthreads
[1.160s] -- Looking for pthread_create in pthreads - not found
[1.160s] -- Looking for pthread_create in pthread
[1.223s] -- Looking for pthread_create in pthread - found
[1.224s] -- Found Threads: TRUE  
[1.347s] -- Found rclpy: 1.0.11 (/opt/ros/foxy/share/rclpy/cmake)
[1.348s] -- Found geometry_msgs: 2.0.5 (/opt/ros/foxy/share/geometry_msgs/cmake)
[1.377s] -- Found drone_interfaces: 0.0.0 (/home/justin/ros2_ws/install/drone_interfaces/share/drone_interfaces/cmake)
[1.423s] -- Found visualization_msgs: 2.0.5 (/opt/ros/foxy/share/visualization_msgs/cmake)
[1.479s] -- Found rosidl_default_generators: 1.0.1 (/opt/ros/foxy/share/rosidl_default_generators/cmake)
[1.844s] -- Configuring done
[1.853s] -- Generating done
[1.854s] -- Build files have been written to: /home/justin/ros2_ws/src/uav_traj_ros2/build/uav_traj_ros2
[1.862s] Invoked command in '/home/justin/ros2_ws/src/uav_traj_ros2/build/uav_traj_ros2' returned '0': CMAKE_PREFIX_PATH=${CMAKE_PREFIX_PATH}:/opt/ros/foxy /usr/bin/cmake /home/justin/ros2_ws/src/uav_traj_ros2/uav_traj_ros2 -DAMENT_CMAKE_SYMLINK_INSTALL=1 -DCMAKE_INSTALL_PREFIX=/home/justin/ros2_ws/src/uav_traj_ros2/install/uav_traj_ros2
[1.865s] Invoking command in '/home/justin/ros2_ws/src/uav_traj_ros2/build/uav_traj_ros2': CMAKE_PREFIX_PATH=${CMAKE_PREFIX_PATH}:/opt/ros/foxy /usr/bin/cmake --build /home/justin/ros2_ws/src/uav_traj_ros2/build/uav_traj_ros2 -- -j16 -l16
[1.903s] [35m[1mScanning dependencies of target sas_main[0m
[1.903s] [35m[1mScanning dependencies of target global_planner_node[0m
[1.903s] [35m[1mScanning dependencies of target main_node[0m
[1.913s] [ 21%] [32mBuilding CXX object CMakeFiles/sas_main.dir/scripts/main_sas.cpp.o[0m
[1.913s] [ 21%] [32mBuilding CXX object CMakeFiles/sas_main.dir/src/PositionVector.cpp.o[0m
[1.913s] [ 21%] [32mBuilding CXX object CMakeFiles/sas_main.dir/src/Astar.cpp.o[0m
[1.913s] [ 28%] [32mBuilding CXX object CMakeFiles/sas_main.dir/src/GridMap.cpp.o[0m
[1.934s] [ 50%] [32mBuilding CXX object CMakeFiles/global_planner_node.dir/src/GridMap.cpp.o[0m
[1.934s] [ 50%] [32mBuilding CXX object CMakeFiles/global_planner_node.dir/src/PositionVector.cpp.o[0m
[1.934s] [ 50%] [32mBuilding CXX object CMakeFiles/global_planner_node.dir/src/Astar.cpp.o[0m
[1.936s] [ 71%] [32mBuilding CXX object CMakeFiles/global_planner_node.dir/src/GlobalPlanner.cpp.o[0m
[1.937s] [ 71%] [32mBuilding CXX object CMakeFiles/main_node.dir/scripts/use_library.cpp.o[0m
[1.937s] [ 71%] [32mBuilding CXX object CMakeFiles/main_node.dir/src/publisher_library.cpp.o[0m
[1.937s] [ 78%] [32mBuilding CXX object CMakeFiles/global_planner_node.dir/scripts/global_planner_node.cpp.o[0m
[2.246s] In file included from [01m[K/home/justin/ros2_ws/src/uav_traj_ros2/uav_traj_ros2/include/GridMap.h:5[m[K,
[2.246s]                  from [01m[K/home/justin/ros2_ws/src/uav_traj_ros2/uav_traj_ros2/src/GridMap.cpp:1[m[K:
[2.247s] [01m[K/home/justin/ros2_ws/src/uav_traj_ros2/uav_traj_ros2/include/PositionVector.h:52:9:[m[K [01;35m[Kwarning: [m[Ktype qualifiers ignored on function return type [[01;35m[K-Wignored-qualifiers[m[K]
[2.247s]    52 |         [01;35m[Kconst[m[K double getThetaDg() {return theta_dg;}
[2.247s]       |         [01;35m[K^~~~~[m[K
[2.247s] [01m[K/home/justin/ros2_ws/src/uav_traj_ros2/uav_traj_ros2/include/PositionVector.h:53:9:[m[K [01;35m[Kwarning: [m[Ktype qualifiers ignored on function return type [[01;35m[K-Wignored-qualifiers[m[K]
[2.247s]    53 |         [01;35m[Kconst[m[K double getPsiDg() {return psi_dg;}
[2.247s]       |         [01;35m[K^~~~~[m[K
[2.248s] In file included from [01m[K/home/justin/ros2_ws/src/uav_traj_ros2/uav_traj_ros2/src/PositionVector.cpp:1[m[K:
[2.248s] [01m[K/home/justin/ros2_ws/src/uav_traj_ros2/uav_traj_ros2/include/PositionVector.h:52:9:[m[K [01;35m[Kwarning: [m[Ktype qualifiers ignored on function return type [[01;35m[K-Wignored-qualifiers[m[K]
[2.248s]    52 |         [01;35m[Kconst[m[K double getThetaDg() {return theta_dg;}
[2.248s]       |         [01;35m[K^~~~~[m[K
[2.248s] [01m[K/home/justin/ros2_ws/src/uav_traj_ros2/uav_traj_ros2/include/PositionVector.h:53:9:[m[K [01;35m[Kwarning: [m[Ktype qualifiers ignored on function return type [[01;35m[K-Wignored-qualifiers[m[K]
[2.248s]    53 |         [01;35m[Kconst[m[K double getPsiDg() {return psi_dg;}
[2.248s]       |         [01;35m[K^~~~~[m[K
[2.252s] In file included from [01m[K/home/justin/ros2_ws/src/uav_traj_ros2/uav_traj_ros2/include/GridMap.h:5[m[K,
[2.252s]                  from [01m[K/home/justin/ros2_ws/src/uav_traj_ros2/uav_traj_ros2/src/GridMap.cpp:1[m[K:
[2.253s] [01m[K/home/justin/ros2_ws/src/uav_traj_ros2/uav_traj_ros2/include/PositionVector.h:52:9:[m[K [01;35m[Kwarning: [m[Ktype qualifiers ignored on function return type [[01;35m[K-Wignored-qualifiers[m[K]
[2.253s]    52 |         [01;35m[Kconst[m[K double getThetaDg() {return theta_dg;}
[2.253s]       |         [01;35m[K^~~~~[m[K
[2.253s] [01m[K/home/justin/ros2_ws/src/uav_traj_ros2/uav_traj_ros2/include/PositionVector.h:53:9:[m[K [01;35m[Kwarning: [m[Ktype qualifiers ignored on function return type [[01;35m[K-Wignored-qualifiers[m[K]
[2.253s]    53 |         [01;35m[Kconst[m[K double getPsiDg() {return psi_dg;}
[2.253s]       |         [01;35m[K^~~~~[m[K
[2.258s] [01m[K/home/justin/ros2_ws/src/uav_traj_ros2/uav_traj_ros2/src/GridMap.cpp:[m[K In member function ‘[01m[Kbool GridMap::isInsideObstacles(PositionVector, float)[m[K’:
[2.258s] [01m[K/home/justin/ros2_ws/src/uav_traj_ros2/uav_traj_ros2/src/GridMap.cpp:249:64:[m[K [01;35m[Kwarning: [m[Kunused parameter ‘[01m[Kradius[m[K’ [[01;35m[K-Wunused-parameter[m[K]
[2.258s]   249 | bool GridMap::isInsideObstacles(PositionVector position, [01;35m[Kfloat radius[m[K)
[2.258s]       |                                                          [01;35m[K~~~~~~^~~~~~[m[K
[2.258s] In file included from [01m[K/home/justin/ros2_ws/src/uav_traj_ros2/uav_traj_ros2/src/PositionVector.cpp:1[m[K:
[2.259s] [01m[K/home/justin/ros2_ws/src/uav_traj_ros2/uav_traj_ros2/include/PositionVector.h:52:9:[m[K [01;35m[Kwarning: [m[Ktype qualifiers ignored on function return type [[01;35m[K-Wignored-qualifiers[m[K]
[2.259s]    52 |         [01;35m[Kconst[m[K double getThetaDg() {return theta_dg;}
[2.259s]       |         [01;35m[K^~~~~[m[K
[2.259s] [01m[K/home/justin/ros2_ws/src/uav_traj_ros2/uav_traj_ros2/include/PositionVector.h:53:9:[m[K [01;35m[Kwarning: [m[Ktype qualifiers ignored on function return type [[01;35m[K-Wignored-qualifiers[m[K]
[2.259s]    53 |         [01;35m[Kconst[m[K double getPsiDg() {return psi_dg;}
[2.259s]       |         [01;35m[K^~~~~[m[K
[2.275s] [01m[K/home/justin/ros2_ws/src/uav_traj_ros2/uav_traj_ros2/src/GridMap.cpp:[m[K In member function ‘[01m[Kbool GridMap::isInsideObstacles(PositionVector, float)[m[K’:
[2.275s] [01m[K/home/justin/ros2_ws/src/uav_traj_ros2/uav_traj_ros2/src/GridMap.cpp:249:64:[m[K [01;35m[Kwarning: [m[Kunused parameter ‘[01m[Kradius[m[K’ [[01;35m[K-Wunused-parameter[m[K]
[2.275s]   249 | bool GridMap::isInsideObstacles(PositionVector position, [01;35m[Kfloat radius[m[K)
[2.275s]       |                                                          [01;35m[K~~~~~~^~~~~~[m[K
[2.340s] [01m[K/home/justin/ros2_ws/src/uav_traj_ros2/uav_traj_ros2/src/GridMap.cpp:[m[K In constructor ‘[01m[KAgent::Agent(int, int, int, int, int, int, double)[m[K’:
[2.340s] [01m[K/home/justin/ros2_ws/src/uav_traj_ros2/uav_traj_ros2/src/GridMap.cpp:10:32:[m[K [01;35m[Kwarning: [m[K‘[01m[K*<unknown>.Agent::z[m[K’ is used uninitialized in this function [[01;35m[K-Wuninitialized[m[K]
[2.340s]    10 |             double agent_radius[01;35m[K)[m[K
[2.341s]       |                                [01;35m[K^[m[K
[2.341s] [01m[K/home/justin/ros2_ws/src/uav_traj_ros2/uav_traj_ros2/src/GridMap.cpp:10:32:[m[K [01;35m[Kwarning: [m[K‘[01m[K*<unknown>.Agent::y[m[K’ is used uninitialized in this function [[01;35m[K-Wuninitialized[m[K]
[2.341s] [01m[K/home/justin/ros2_ws/src/uav_traj_ros2/uav_traj_ros2/src/GridMap.cpp:10:32:[m[K [01;35m[Kwarning: [m[K‘[01m[K*<unknown>.Agent::x[m[K’ is used uninitialized in this function [[01;35m[K-Wuninitialized[m[K]
[2.412s] In file included from [01m[K/home/justin/ros2_ws/src/uav_traj_ros2/uav_traj_ros2/include/Astar.h:10[m[K,
[2.412s]                  from [01m[K/home/justin/ros2_ws/src/uav_traj_ros2/uav_traj_ros2/scripts/main_sas.cpp:5[m[K:
[2.412s] [01m[K/home/justin/ros2_ws/src/uav_traj_ros2/uav_traj_ros2/include/PositionVector.h:52:9:[m[K [01;35m[Kwarning: [m[Ktype qualifiers ignored on function return type [[01;35m[K-Wignored-qualifiers[m[K]
[2.412s]    52 |         [01;35m[Kconst[m[K double getThetaDg() {return theta_dg;}
[2.413s]       |         [01;35m[K^~~~~[m[K
[2.413s] [01m[K/home/justin/ros2_ws/src/uav_traj_ros2/uav_traj_ros2/include/PositionVector.h:53:9:[m[K [01;35m[Kwarning: [m[Ktype qualifiers ignored on function return type [[01;35m[K-Wignored-qualifiers[m[K]
[2.413s]    53 |         [01;35m[Kconst[m[K double getPsiDg() {return psi_dg;}
[2.414s]       |         [01;35m[K^~~~~[m[K
[2.434s] [01m[K/home/justin/ros2_ws/src/uav_traj_ros2/uav_traj_ros2/src/GridMap.cpp:[m[K In constructor ‘[01m[KAgent::Agent(int, int, int, int, int, int, double)[m[K’:
[2.434s] [01m[K/home/justin/ros2_ws/src/uav_traj_ros2/uav_traj_ros2/src/GridMap.cpp:10:32:[m[K [01;35m[Kwarning: [m[K‘[01m[K*<unknown>.Agent::z[m[K’ is used uninitialized in this function [[01;35m[K-Wuninitialized[m[K]
[2.434s]    10 |             double agent_radius[01;35m[K)[m[K
[2.434s]       |                                [01;35m[K^[m[K
[2.435s] [01m[K/home/justin/ros2_ws/src/uav_traj_ros2/uav_traj_ros2/src/GridMap.cpp:10:32:[m[K [01;35m[Kwarning: [m[K‘[01m[K*<unknown>.Agent::y[m[K’ is used uninitialized in this function [[01;35m[K-Wuninitialized[m[K]
[2.435s] [01m[K/home/justin/ros2_ws/src/uav_traj_ros2/uav_traj_ros2/src/GridMap.cpp:10:32:[m[K [01;35m[Kwarning: [m[K‘[01m[K*<unknown>.Agent::x[m[K’ is used uninitialized in this function [[01;35m[K-Wuninitialized[m[K]
[2.489s] In file included from [01m[K/home/justin/ros2_ws/src/uav_traj_ros2/uav_traj_ros2/include/Astar.h:10[m[K,
[2.490s]                  from [01m[K/home/justin/ros2_ws/src/uav_traj_ros2/uav_traj_ros2/src/Astar.cpp:1[m[K:
[2.490s] [01m[K/home/justin/ros2_ws/src/uav_traj_ros2/uav_traj_ros2/include/PositionVector.h:52:9:[m[K [01;35m[Kwarning: [m[Ktype qualifiers ignored on function return type [[01;35m[K-Wignored-qualifiers[m[K]
[2.490s]    52 |         [01;35m[Kconst[m[K double getThetaDg() {return theta_dg;}
[2.490s]       |         [01;35m[K^~~~~[m[K
[2.490s] [01m[K/home/justin/ros2_ws/src/uav_traj_ros2/uav_traj_ros2/include/PositionVector.h:53:9:[m[K [01;35m[Kwarning: [m[Ktype qualifiers ignored on function return type [[01;35m[K-Wignored-qualifiers[m[K]
[2.490s]    53 |         [01;35m[Kconst[m[K double getPsiDg() {return psi_dg;}
[2.490s]       |         [01;35m[K^~~~~[m[K
[2.491s] In file included from [01m[K/home/justin/ros2_ws/src/uav_traj_ros2/uav_traj_ros2/include/Astar.h:10[m[K,
[2.491s]                  from [01m[K/home/justin/ros2_ws/src/uav_traj_ros2/uav_traj_ros2/src/Astar.cpp:1[m[K:
[2.491s] [01m[K/home/justin/ros2_ws/src/uav_traj_ros2/uav_traj_ros2/include/PositionVector.h:52:9:[m[K [01;35m[Kwarning: [m[Ktype qualifiers ignored on function return type [[01;35m[K-Wignored-qualifiers[m[K]
[2.491s]    52 |         [01;35m[Kconst[m[K double getThetaDg() {return theta_dg;}
[2.491s]       |         [01;35m[K^~~~~[m[K
[2.491s] [01m[K/home/justin/ros2_ws/src/uav_traj_ros2/uav_traj_ros2/include/PositionVector.h:53:9:[m[K [01;35m[Kwarning: [m[Ktype qualifiers ignored on function return type [[01;35m[K-Wignored-qualifiers[m[K]
[2.491s]    53 |         [01;35m[Kconst[m[K double getPsiDg() {return psi_dg;}
[2.491s]       |         [01;35m[K^~~~~[m[K
[2.525s] [01m[K/home/justin/ros2_ws/src/uav_traj_ros2/uav_traj_ros2/src/Astar.cpp:15:2:[m[K [01;35m[Kwarning: [m[Kextra ‘[01m[K;[m[K’ [[01;35m[K-Wpedantic[m[K]
[2.525s]    15 | }[01;35m[K;[m[K
[2.525s]       |  [01;35m[K^[m[K
[2.525s] [01m[K/home/justin/ros2_ws/src/uav_traj_ros2/uav_traj_ros2/src/Astar.cpp:[m[K In member function ‘[01m[Kvoid FWNode::setDirectionVec()[m[K’:
[2.526s] [01m[K/home/justin/ros2_ws/src/uav_traj_ros2/uav_traj_ros2/src/Astar.cpp:22:15:[m[K [01;35m[Kwarning: [m[Kunused variable ‘[01m[Kmag_direction[m[K’ [[01;35m[K-Wunused-variable[m[K]
[2.526s]    22 |         float [01;35m[Kmag_direction[m[K = sqrt((direction_vec.x * direction_vec.x) +
[2.526s]       |               [01;35m[K^~~~~~~~~~~~~[m[K
[2.528s] [01m[K/home/justin/ros2_ws/src/uav_traj_ros2/uav_traj_ros2/scripts/main_sas.cpp:[m[K In function ‘[01m[Kint main()[m[K’:
[2.528s] [01m[K/home/justin/ros2_ws/src/uav_traj_ros2/uav_traj_ros2/scripts/main_sas.cpp:67:19:[m[K [01;35m[Kwarning: [m[Kunused variable ‘[01m[Kobstacle[m[K’ [[01;35m[K-Wunused-variable[m[K]
[2.528s]    67 |         Obstacle *[01;35m[Kobstacle[m[K = new Obstacle(x, y, z,
[2.529s]       |                   [01;35m[K^~~~~~~~[m[K
[2.530s] [01m[K/home/justin/ros2_ws/src/uav_traj_ros2/uav_traj_ros2/src/Astar.cpp:15:2:[m[K [01;35m[Kwarning: [m[Kextra ‘[01m[K;[m[K’ [[01;35m[K-Wpedantic[m[K]
[2.530s]    15 | }[01;35m[K;[m[K
[2.530s]       |  [01;35m[K^[m[K
[2.530s] [01m[K/home/justin/ros2_ws/src/uav_traj_ros2/uav_traj_ros2/src/Astar.cpp:[m[K In member function ‘[01m[Kvoid FWNode::setDirectionVec()[m[K’:
[2.530s] [01m[K/home/justin/ros2_ws/src/uav_traj_ros2/uav_traj_ros2/src/Astar.cpp:22:15:[m[K [01;35m[Kwarning: [m[Kunused variable ‘[01m[Kmag_direction[m[K’ [[01;35m[K-Wunused-variable[m[K]
[2.530s]    22 |         float [01;35m[Kmag_direction[m[K = sqrt((direction_vec.x * direction_vec.x) +
[2.531s]       |               [01;35m[K^~~~~~~~~~~~~[m[K
[2.542s] [01m[K/home/justin/ros2_ws/src/uav_traj_ros2/uav_traj_ros2/src/Astar.cpp:[m[K In member function ‘[01m[Kstd::vector<StateInfo> SparseAstar::searchPath()[m[K’:
[2.542s] [01m[K/home/justin/ros2_ws/src/uav_traj_ros2/uav_traj_ros2/src/Astar.cpp:339:5:[m[K [01;31m[Kerror: [m[K‘[01m[KinitializeNodes[m[K’ was not declared in this scope
[2.542s]   339 |     [01;31m[KinitializeNodes[m[K();
[2.542s]       |     [01;31m[K^~~~~~~~~~~~~~~[m[K
[2.543s] [01m[K/home/justin/ros2_ws/src/uav_traj_ros2/uav_traj_ros2/src/Astar.cpp:[m[K At global scope:
[2.544s] [01m[K/home/justin/ros2_ws/src/uav_traj_ros2/uav_traj_ros2/src/Astar.cpp:469:6:[m[K [01;31m[Kerror: [m[Kno declaration matches ‘[01m[Kvoid SparseAstar::initializeNodes()[m[K’
[2.544s]   469 | void [01;31m[KSparseAstar[m[K::initializeNodes()
[2.544s]       |      [01;31m[K^~~~~~~~~~~[m[K
[2.544s] [01m[K/home/justin/ros2_ws/src/uav_traj_ros2/uav_traj_ros2/src/Astar.cpp:469:6:[m[K [01;36m[Knote: [m[Kno functions named ‘[01m[Kvoid SparseAstar::initializeNodes()[m[K’
[2.544s] In file included from [01m[K/home/justin/ros2_ws/src/uav_traj_ros2/uav_traj_ros2/src/Astar.cpp:1[m[K:
[2.544s] [01m[K/home/justin/ros2_ws/src/uav_traj_ros2/uav_traj_ros2/include/Astar.h:218:7:[m[K [01;36m[Knote: [m[K‘[01m[Kclass SparseAstar[m[K’ defined here
[2.544s]   218 | class [01;36m[KSparseAstar[m[K
[2.545s]       |       [01;36m[K^~~~~~~~~~~[m[K
[2.548s] [01m[K/home/justin/ros2_ws/src/uav_traj_ros2/uav_traj_ros2/src/Astar.cpp:[m[K In member function ‘[01m[Kstd::vector<StateInfo> SparseAstar::searchPath()[m[K’:
[2.549s] [01m[K/home/justin/ros2_ws/src/uav_traj_ros2/uav_traj_ros2/src/Astar.cpp:339:5:[m[K [01;31m[Kerror: [m[K‘[01m[KinitializeNodes[m[K’ was not declared in this scope
[2.549s]   339 |     [01;31m[KinitializeNodes[m[K();
[2.549s]       |     [01;31m[K^~~~~~~~~~~~~~~[m[K
[2.550s] [01m[K/home/justin/ros2_ws/src/uav_traj_ros2/uav_traj_ros2/src/Astar.cpp:[m[K At global scope:
[2.550s] [01m[K/home/justin/ros2_ws/src/uav_traj_ros2/uav_traj_ros2/src/Astar.cpp:469:6:[m[K [01;31m[Kerror: [m[Kno declaration matches ‘[01m[Kvoid SparseAstar::initializeNodes()[m[K’
[2.550s]   469 | void [01;31m[KSparseAstar[m[K::initializeNodes()
[2.550s]       |      [01;31m[K^~~~~~~~~~~[m[K
[2.550s] [01m[K/home/justin/ros2_ws/src/uav_traj_ros2/uav_traj_ros2/src/Astar.cpp:469:6:[m[K [01;36m[Knote: [m[Kno functions named ‘[01m[Kvoid SparseAstar::initializeNodes()[m[K’
[2.550s] In file included from [01m[K/home/justin/ros2_ws/src/uav_traj_ros2/uav_traj_ros2/src/Astar.cpp:1[m[K:
[2.551s] [01m[K/home/justin/ros2_ws/src/uav_traj_ros2/uav_traj_ros2/include/Astar.h:218:7:[m[K [01;36m[Knote: [m[K‘[01m[Kclass SparseAstar[m[K’ defined here
[2.551s]   218 | class [01;36m[KSparseAstar[m[K
[2.551s]       |       [01;36m[K^~~~~~~~~~~[m[K
[2.697s] make[2]: *** [CMakeFiles/sas_main.dir/build.make:63: CMakeFiles/sas_main.dir/src/Astar.cpp.o] Error 1
[2.697s] make[1]: *** [CMakeFiles/Makefile2:136: CMakeFiles/sas_main.dir/all] Error 2
[2.697s] make[1]: *** Waiting for unfinished jobs....
[2.747s] make[2]: *** [CMakeFiles/global_planner_node.dir/build.make:63: CMakeFiles/global_planner_node.dir/src/Astar.cpp.o] Error 1
[2.747s] make[2]: *** Waiting for unfinished jobs....
[3.316s] In file included from [01m[K/home/justin/ros2_ws/src/uav_traj_ros2/uav_traj_ros2/include/Astar.h:10[m[K,
[3.316s]                  from [01m[K/home/justin/ros2_ws/src/uav_traj_ros2/uav_traj_ros2/include/GlobalPlanner.h:8[m[K,
[3.316s]                  from [01m[K/home/justin/ros2_ws/src/uav_traj_ros2/uav_traj_ros2/scripts/global_planner_node.cpp:2[m[K:
[3.317s] [01m[K/home/justin/ros2_ws/src/uav_traj_ros2/uav_traj_ros2/include/PositionVector.h:52:9:[m[K [01;35m[Kwarning: [m[Ktype qualifiers ignored on function return type [[01;35m[K-Wignored-qualifiers[m[K]
[3.317s]    52 |         [01;35m[Kconst[m[K double getThetaDg() {return theta_dg;}
[3.317s]       |         [01;35m[K^~~~~[m[K
[3.317s] [01m[K/home/justin/ros2_ws/src/uav_traj_ros2/uav_traj_ros2/include/PositionVector.h:53:9:[m[K [01;35m[Kwarning: [m[Ktype qualifiers ignored on function return type [[01;35m[K-Wignored-qualifiers[m[K]
[3.317s]    53 |         [01;35m[Kconst[m[K double getPsiDg() {return psi_dg;}
[3.317s]       |         [01;35m[K^~~~~[m[K
[3.431s] In file included from [01m[K/home/justin/ros2_ws/src/uav_traj_ros2/uav_traj_ros2/include/Astar.h:10[m[K,
[3.431s]                  from [01m[K/home/justin/ros2_ws/src/uav_traj_ros2/uav_traj_ros2/include/GlobalPlanner.h:8[m[K,
[3.431s]                  from [01m[K/home/justin/ros2_ws/src/uav_traj_ros2/uav_traj_ros2/src/GlobalPlanner.cpp:1[m[K:
[3.431s] [01m[K/home/justin/ros2_ws/src/uav_traj_ros2/uav_traj_ros2/include/PositionVector.h:52:9:[m[K [01;35m[Kwarning: [m[Ktype qualifiers ignored on function return type [[01;35m[K-Wignored-qualifiers[m[K]
[3.431s]    52 |         [01;35m[Kconst[m[K double getThetaDg() {return theta_dg;}
[3.431s]       |         [01;35m[K^~~~~[m[K
[3.431s] [01m[K/home/justin/ros2_ws/src/uav_traj_ros2/uav_traj_ros2/include/PositionVector.h:53:9:[m[K [01;35m[Kwarning: [m[Ktype qualifiers ignored on function return type [[01;35m[K-Wignored-qualifiers[m[K]
[3.431s]    53 |         [01;35m[Kconst[m[K double getPsiDg() {return psi_dg;}
[3.431s]       |         [01;35m[K^~~~~[m[K
[4.855s] [ 85%] [32m[1mLinking CXX executable main_node[0m
[4.984s] [ 85%] Built target main_node
[8.168s] make[1]: *** [CMakeFiles/Makefile2:82: CMakeFiles/global_planner_node.dir/all] Error 2
[8.168s] make: *** [Makefile:141: all] Error 2
[8.170s] Invoked command in '/home/justin/ros2_ws/src/uav_traj_ros2/build/uav_traj_ros2' returned '2': CMAKE_PREFIX_PATH=${CMAKE_PREFIX_PATH}:/opt/ros/foxy /usr/bin/cmake --build /home/justin/ros2_ws/src/uav_traj_ros2/build/uav_traj_ros2 -- -j16 -l16
